TN:
SF:src/config.ts
FN:210,loadConfig
FN:225,saveConfig
FNF:2
FNH:0
FNDA:0,loadConfig
FNDA:0,saveConfig
DA:77,0
DA:211,0
DA:213,0
DA:214,0
DA:215,0
DA:216,0
DA:219,0
DA:222,0
DA:226,0
DA:227,0
DA:229,0
DA:230,0
DA:233,0
LF:13
LH:0
BRDA:214,0,0,0
BRDA:214,0,1,0
BRDA:226,1,0,0
BRDA:226,1,1,0
BRDA:229,2,0,0
BRDA:229,2,1,0
BRF:6
BRH:0
end_of_record
TN:
SF:src/env.ts
FN:35,(anonymous_0)
FN:174,(anonymous_1)
FNF:2
FNH:2
FNDA:10,(anonymous_0)
FNDA:10,(anonymous_1)
DA:14,10
DA:23,10
DA:28,10
DA:35,10
DA:36,10
DA:37,10
DA:46,10
DA:49,10
DA:56,10
DA:66,10
DA:73,10
DA:80,10
DA:83,10
DA:92,10
DA:99,10
DA:108,10
DA:115,10
DA:125,10
DA:128,10
DA:137,10
DA:140,10
DA:149,10
DA:152,10
DA:162,10
DA:165,10
DA:172,10
DA:174,10
DA:178,10
DA:189,10
DA:192,10
DA:201,10
DA:212,10
DA:223,10
DA:235,10
DA:247,10
DA:257,10
DA:267,10
DA:279,10
DA:292,10
LF:39
LH:39
BRDA:24,0,0,10
BRDA:24,0,1,10
BRDA:36,1,0,10
BRDA:36,1,1,10
BRDA:37,2,0,10
BRDA:37,2,1,0
BRDA:46,3,0,10
BRDA:46,3,1,10
BRDA:56,4,0,10
BRDA:56,4,1,10
BRDA:66,5,0,10
BRDA:66,5,1,0
BRDA:73,6,0,10
BRDA:73,6,1,0
BRDA:80,7,0,10
BRDA:80,7,1,10
BRDA:92,8,0,10
BRDA:92,8,1,0
BRDA:99,9,0,10
BRDA:99,9,1,0
BRDA:108,10,0,10
BRDA:108,10,1,0
BRDA:115,11,0,10
BRDA:115,11,1,0
BRDA:125,12,0,10
BRDA:125,12,1,10
BRDA:137,13,0,10
BRDA:137,13,1,10
BRDA:172,14,0,10
BRDA:172,14,1,10
BRDA:202,15,0,10
BRDA:202,15,1,10
BRDA:213,16,0,10
BRDA:213,16,1,10
BRDA:224,17,0,10
BRDA:224,17,1,10
BRDA:236,18,0,10
BRDA:236,18,1,10
BRDA:248,19,0,10
BRDA:248,19,1,10
BRDA:258,20,0,10
BRDA:258,20,1,10
BRDA:268,21,0,10
BRDA:268,21,1,10
BRDA:280,22,0,10
BRDA:280,22,1,10
BRDA:292,23,0,10
BRDA:292,23,1,10
BRF:48
BRH:41
end_of_record
TN:
SF:src/request-context.ts
FN:9,runWithRequestContext
FN:16,getRequestContext
FNF:2
FNH:2
FNDA:12,runWithRequestContext
FNDA:3110,getRequestContext
DA:7,13
DA:13,12
DA:17,3110
LF:3
LH:3
BRDA:17,0,0,3110
BRDA:17,0,1,3050
BRF:2
BRH:2
end_of_record
TN:
SF:src/server.ts
FN:41,initialize
FN:82,createMcpServerInstance
FN:88,(anonymous_2)
FN:88,(anonymous_3)
FN:109,(anonymous_4)
FN:135,main
FN:148,(anonymous_6)
FN:162,(anonymous_7)
FN:163,(anonymous_8)
FN:171,(anonymous_9)
FN:180,(anonymous_10)
FN:191,(anonymous_11)
FN:210,(anonymous_12)
FN:231,(anonymous_13)
FN:238,(anonymous_14)
FN:261,(anonymous_15)
FN:283,(anonymous_16)
FNF:17
FNH:0
FNDA:0,initialize
FNDA:0,createMcpServerInstance
FNDA:0,(anonymous_2)
FNDA:0,(anonymous_3)
FNDA:0,(anonymous_4)
FNDA:0,main
FNDA:0,(anonymous_6)
FNDA:0,(anonymous_7)
FNDA:0,(anonymous_8)
FNDA:0,(anonymous_9)
FNDA:0,(anonymous_10)
FNDA:0,(anonymous_11)
FNDA:0,(anonymous_12)
FNDA:0,(anonymous_13)
FNDA:0,(anonymous_14)
FNDA:0,(anonymous_15)
FNDA:0,(anonymous_16)
DA:24,0
DA:29,0
DA:31,0
DA:42,0
DA:43,0
DA:44,0
DA:47,0
DA:48,0
DA:49,0
DA:51,0
DA:52,0
DA:56,0
DA:58,0
DA:65,0
DA:67,0
DA:72,0
DA:83,0
DA:88,0
DA:89,0
DA:90,0
DA:95,0
DA:96,0
DA:97,0
DA:99,0
DA:109,0
DA:110,0
DA:121,0
DA:122,0
DA:125,0
DA:136,0
DA:138,0
DA:140,0
DA:141,0
DA:142,0
DA:143,0
DA:148,0
DA:149,0
DA:150,0
DA:152,0
DA:157,0
DA:159,0
DA:160,0
DA:161,0
DA:162,0
DA:164,0
DA:171,0
DA:172,0
DA:173,0
DA:174,0
DA:177,0
DA:178,0
DA:179,0
DA:180,0
DA:181,0
DA:189,0
DA:191,0
DA:192,0
DA:194,0
DA:197,0
DA:198,0
DA:206,0
DA:209,0
DA:210,0
DA:211,0
DA:214,0
DA:215,0
DA:216,0
DA:228,0
DA:229,0
DA:231,0
DA:232,0
DA:238,0
DA:239,0
DA:240,0
DA:261,0
DA:262,0
DA:263,0
DA:264,0
DA:265,0
DA:270,0
DA:273,0
DA:274,0
DA:275,0
DA:277,0
DA:278,0
DA:283,0
DA:284,0
DA:285,0
LF:88
LH:0
BRDA:89,0,0,0
BRDA:89,0,1,0
BRDA:140,1,0,0
BRDA:140,1,1,0
BRDA:152,2,0,0
BRDA:152,2,1,0
BRDA:154,3,0,0
BRDA:154,3,1,0
BRDA:159,4,0,0
BRDA:159,4,1,0
BRDA:173,5,0,0
BRDA:173,5,1,0
BRDA:178,6,0,0
BRDA:178,6,1,0
BRDA:197,7,0,0
BRDA:197,7,1,0
BRDA:197,8,0,0
BRDA:197,8,1,0
BRDA:215,9,0,0
BRDA:215,9,1,0
BRDA:220,10,0,0
BRDA:220,10,1,0
BRF:22
BRH:0
end_of_record
TN:
SF:src/cli/build.ts
FN:20,main
FN:79,(anonymous_1)
FN:84,(anonymous_2)
FN:117,(anonymous_3)
FNF:4
FNH:0
FNDA:0,main
FNDA:0,(anonymous_1)
FNDA:0,(anonymous_2)
FNDA:0,(anonymous_3)
DA:21,0
DA:22,0
DA:23,0
DA:24,0
DA:26,0
DA:27,0
DA:28,0
DA:29,0
DA:31,0
DA:33,0
DA:34,0
DA:39,0
DA:40,0
DA:43,0
DA:46,0
DA:47,0
DA:49,0
DA:64,0
DA:67,0
DA:68,0
DA:69,0
DA:70,0
DA:71,0
DA:72,0
DA:73,0
DA:74,0
DA:77,0
DA:78,0
DA:79,0
DA:82,0
DA:83,0
DA:84,0
DA:88,0
DA:89,0
DA:90,0
DA:93,0
DA:103,0
DA:105,0
DA:106,0
DA:107,0
DA:110,0
DA:112,0
DA:113,0
DA:117,0
DA:118,0
DA:119,0
LF:46
LH:0
BRDA:28,0,0,0
BRDA:28,0,1,0
BRDA:50,1,0,0
BRDA:50,1,1,0
BRDA:73,2,0,0
BRDA:73,2,1,0
BRDA:77,3,0,0
BRDA:77,3,1,0
BRDA:82,4,0,0
BRDA:82,4,1,0
BRDA:89,5,0,0
BRDA:89,5,1,0
BRDA:96,6,0,0
BRDA:96,6,1,0
BRDA:110,7,0,0
BRDA:110,7,1,0
BRF:16
BRH:0
end_of_record
TN:
SF:src/cli/query.ts
FN:16,main
FN:59,(anonymous_1)
FNF:2
FNH:0
FNDA:0,main
FNDA:0,(anonymous_1)
DA:17,0
DA:18,0
DA:20,0
DA:21,0
DA:22,0
DA:23,0
DA:26,0
DA:27,0
DA:29,0
DA:34,0
DA:36,0
DA:38,0
DA:39,0
DA:40,0
DA:44,0
DA:45,0
DA:47,0
DA:48,0
DA:51,0
DA:52,0
DA:54,0
DA:55,0
DA:59,0
DA:60,0
DA:61,0
LF:25
LH:0
BRDA:20,0,0,0
BRDA:20,0,1,0
BRDA:38,1,0,0
BRDA:38,1,1,0
BRDA:44,2,0,0
BRDA:44,2,1,0
BRF:6
BRH:0
end_of_record
TN:
SF:src/cli/test-affected.ts
FN:18,main
FN:38,(anonymous_1)
FN:42,(anonymous_2)
FN:71,(anonymous_3)
FN:101,(anonymous_4)
FN:102,(anonymous_5)
FN:103,(anonymous_6)
FN:139,(anonymous_7)
FNF:8
FNH:0
FNDA:0,main
FNDA:0,(anonymous_1)
FNDA:0,(anonymous_2)
FNDA:0,(anonymous_3)
FNDA:0,(anonymous_4)
FNDA:0,(anonymous_5)
FNDA:0,(anonymous_6)
FNDA:0,(anonymous_7)
DA:19,0
DA:21,0
DA:22,0
DA:23,0
DA:24,0
DA:25,0
DA:26,0
DA:27,0
DA:28,0
DA:29,0
DA:30,0
DA:31,0
DA:32,0
DA:33,0
DA:34,0
DA:37,0
DA:38,0
DA:39,0
DA:42,0
DA:44,0
DA:45,0
DA:46,0
DA:47,0
DA:49,0
DA:51,0
DA:52,0
DA:53,0
DA:54,0
DA:57,0
DA:58,0
DA:61,0
DA:62,0
DA:63,0
DA:66,0
DA:69,0
DA:70,0
DA:71,0
DA:72,0
DA:75,0
DA:76,0
DA:77,0
DA:80,0
DA:81,0
DA:84,0
DA:87,0
DA:88,0
DA:89,0
DA:90,0
DA:91,0
DA:92,0
DA:95,0
DA:97,0
DA:98,0
DA:101,0
DA:102,0
DA:103,0
DA:104,0
DA:105,0
DA:106,0
DA:107,0
DA:108,0
DA:109,0
DA:112,0
DA:116,0
DA:117,0
DA:121,0
DA:122,0
DA:124,0
DA:125,0
DA:128,0
DA:129,0
DA:130,0
DA:131,0
DA:134,0
DA:135,0
DA:139,0
DA:140,0
DA:141,0
LF:78
LH:0
BRDA:21,0,0,0
BRDA:21,0,1,0
BRDA:39,1,0,0
BRDA:39,1,1,0
BRDA:42,2,0,0
BRDA:42,2,1,0
BRDA:47,3,0,0
BRDA:47,3,1,0
BRDA:61,4,0,0
BRDA:61,4,1,0
BRDA:82,5,0,0
BRDA:82,5,1,0
BRDA:87,6,0,0
BRDA:87,6,1,0
BRDA:95,7,0,0
BRDA:95,7,1,0
BRDA:97,8,0,0
BRDA:97,8,1,0
BRDA:104,9,0,0
BRDA:104,9,1,0
BRDA:106,10,0,0
BRDA:106,10,1,0
BRDA:108,11,0,0
BRDA:108,11,1,0
BRDA:134,12,0,0
BRDA:134,12,1,0
BRF:26
BRH:0
end_of_record
TN:
SF:src/cli/validate.ts
FN:19,main
FN:45,(anonymous_1)
FN:77,(anonymous_2)
FN:85,(anonymous_3)
FN:86,(anonymous_4)
FN:103,(anonymous_5)
FNF:6
FNH:0
FNDA:0,main
FNDA:0,(anonymous_1)
FNDA:0,(anonymous_2)
FNDA:0,(anonymous_3)
FNDA:0,(anonymous_4)
FNDA:0,(anonymous_5)
DA:20,0
DA:21,0
DA:22,0
DA:23,0
DA:24,0
DA:26,0
DA:27,0
DA:28,0
DA:30,0
DA:32,0
DA:34,0
DA:36,0
DA:39,0
DA:40,0
DA:41,0
DA:44,0
DA:45,0
DA:49,0
DA:53,0
DA:54,0
DA:55,0
DA:58,0
DA:59,0
DA:60,0
DA:61,0
DA:62,0
DA:63,0
DA:65,0
DA:73,0
DA:74,0
DA:76,0
DA:77,0
DA:78,0
DA:79,0
DA:80,0
DA:81,0
DA:82,0
DA:85,0
DA:86,0
DA:88,0
DA:90,0
DA:91,0
DA:92,0
DA:96,0
DA:98,0
DA:99,0
DA:103,0
DA:104,0
DA:105,0
LF:49
LH:0
BRDA:24,0,0,0
BRDA:24,0,1,0
BRDA:27,1,0,0
BRDA:27,1,1,0
BRDA:32,2,0,0
BRDA:32,2,1,0
BRDA:47,3,0,0
BRDA:47,3,1,0
BRDA:53,4,0,0
BRDA:53,4,1,0
BRDA:55,5,0,0
BRDA:55,5,1,0
BRDA:58,6,0,0
BRDA:58,6,1,0
BRDA:58,7,0,0
BRDA:58,7,1,0
BRDA:67,8,0,0
BRDA:67,8,1,0
BRDA:73,9,0,0
BRDA:73,9,1,0
BRDA:78,10,0,0
BRDA:78,10,1,0
BRDA:90,11,0,0
BRDA:90,11,1,0
BRDA:90,12,0,0
BRDA:90,12,1,0
BRF:26
BRH:0
end_of_record
TN:
SF:src/engines/architecture-engine.ts
FN:61,(anonymous_0)
FN:73,(anonymous_1)
FN:83,(anonymous_2)
FN:93,(anonymous_3)
FN:169,(anonymous_4)
FN:170,(anonymous_5)
FN:187,(anonymous_6)
FN:201,(anonymous_7)
FN:223,(anonymous_8)
FN:289,(anonymous_9)
FN:353,(anonymous_10)
FN:370,(anonymous_11)
FN:380,(anonymous_12)
FN:389,(anonymous_13)
FN:420,(anonymous_14)
FN:482,(anonymous_15)
FN:492,(anonymous_16)
FN:558,(anonymous_17)
FN:594,(anonymous_18)
FN:661,(anonymous_19)
FN:664,(anonymous_20)
FN:674,(anonymous_21)
FN:686,(anonymous_22)
FNF:23
FNH:19
FNDA:9,(anonymous_0)
FNDA:39,(anonymous_1)
FNDA:5,(anonymous_2)
FNDA:4,(anonymous_3)
FNDA:8,(anonymous_4)
FNDA:8,(anonymous_5)
FNDA:15,(anonymous_6)
FNDA:36,(anonymous_7)
FNDA:16,(anonymous_8)
FNDA:10,(anonymous_9)
FNDA:8,(anonymous_10)
FNDA:5,(anonymous_11)
FNDA:5,(anonymous_12)
FNDA:5,(anonymous_13)
FNDA:15,(anonymous_14)
FNDA:6,(anonymous_15)
FNDA:6,(anonymous_16)
FNDA:6,(anonymous_17)
FNDA:0,(anonymous_18)
FNDA:0,(anonymous_19)
FNDA:0,(anonymous_20)
FNDA:1,(anonymous_21)
FNDA:0,(anonymous_22)
DA:73,39
DA:74,9
DA:75,9
DA:76,9
DA:77,9
DA:84,5
DA:85,5
DA:89,5
DA:90,1
DA:93,4
DA:108,5
DA:109,8
DA:111,8
DA:112,0
DA:120,0
DA:124,8
DA:126,8
DA:128,5
DA:129,0
DA:133,5
DA:134,5
DA:136,5
DA:137,5
DA:140,5
DA:141,3
DA:152,5
DA:153,3
DA:166,5
DA:167,5
DA:169,8
DA:170,8
DA:172,5
DA:188,15
DA:189,36
DA:190,36
DA:191,15
DA:195,0
DA:206,36
DA:213,36
DA:214,36
DA:224,16
DA:225,16
DA:226,16
DA:227,16
DA:229,16
DA:238,16
DA:240,16
DA:241,10
DA:243,0
DA:245,0
DA:246,0
DA:248,0
DA:250,0
DA:252,0
DA:253,0
DA:255,0
DA:257,0
DA:259,0
DA:260,0
DA:262,0
DA:264,0
DA:265,0
DA:267,0
DA:268,0
DA:269,0
DA:271,0
DA:272,0
DA:275,0
DA:276,0
DA:280,16
DA:282,0
DA:296,10
DA:300,10
DA:301,10
DA:302,0
DA:304,0
DA:307,0
DA:311,10
DA:312,10
DA:313,0
DA:317,10
DA:319,10
DA:320,0
DA:321,10
DA:322,0
DA:323,10
DA:324,0
DA:327,10
DA:336,10
DA:337,20
DA:338,20
DA:339,10
DA:344,0
DA:345,0
DA:346,10
DA:347,0
DA:355,8
DA:356,3
DA:360,5
DA:361,0
DA:364,5
DA:371,5
DA:372,0
DA:374,5
DA:381,5
DA:382,5
DA:383,5
DA:384,5
DA:385,5
DA:388,5
DA:389,5
DA:403,5
DA:404,8
DA:405,8
DA:407,8
DA:408,5
DA:409,5
DA:410,5
DA:411,5
DA:416,8
DA:420,5
DA:422,15
DA:423,15
DA:424,2
DA:425,2
DA:428,13
DA:430,13
DA:431,13
DA:432,13
DA:434,13
DA:435,15
DA:436,7
DA:439,13
DA:440,13
DA:441,13
DA:445,5
DA:446,8
DA:447,8
DA:452,5
DA:453,5
DA:454,2
DA:455,2
DA:456,2
DA:457,2
DA:458,2
DA:469,5
DA:492,6
DA:495,6
DA:496,6
DA:497,33
DA:498,33
DA:499,3
DA:500,3
DA:501,0
DA:502,0
DA:505,33
DA:506,33
DA:510,6
DA:511,0
DA:515,6
DA:525,6
DA:527,6
DA:528,6
DA:529,6
DA:530,33
DA:531,33
DA:532,33
DA:533,124
DA:535,5
DA:536,5
DA:539,33
DA:540,11
DA:541,11
DA:545,6
DA:547,6
DA:551,6
DA:560,6
DA:561,6
DA:564,6
DA:566,0
DA:567,0
DA:568,0
DA:569,6
DA:570,2
DA:571,2
DA:572,2
DA:573,4
DA:574,4
DA:575,4
DA:576,0
DA:577,4
DA:578,3
DA:580,1
DA:584,0
DA:585,0
DA:588,6
DA:598,0
DA:600,0
DA:603,0
DA:604,0
DA:619,0
DA:621,0
DA:626,0
DA:638,0
DA:639,0
DA:640,0
DA:658,0
DA:661,0
DA:662,0
DA:663,0
DA:664,0
DA:666,0
DA:675,1
DA:676,1
DA:677,1
DA:687,0
DA:689,0
DA:691,0
DA:693,0
DA:695,0
DA:697,0
LF:221
LH:152
BRDA:75,0,0,9
BRDA:75,0,1,7
BRDA:76,1,0,9
BRDA:76,1,1,9
BRDA:77,2,0,9
BRDA:77,2,1,9
BRDA:89,3,0,1
BRDA:89,3,1,4
BRDA:89,4,0,5
BRDA:89,4,1,1
BRDA:111,5,0,0
BRDA:111,5,1,8
BRDA:128,6,0,0
BRDA:128,6,1,5
BRDA:128,7,0,5
BRDA:128,7,1,5
BRDA:128,7,2,0
BRDA:134,8,0,0
BRDA:134,8,1,5
BRDA:137,9,0,0
BRDA:137,9,1,5
BRDA:140,10,0,3
BRDA:140,10,1,2
BRDA:152,11,0,3
BRDA:152,11,1,2
BRDA:152,12,0,5
BRDA:152,12,1,5
BRDA:190,13,0,15
BRDA:190,13,1,21
BRDA:229,14,0,16
BRDA:229,14,1,0
BRDA:230,15,0,16
BRDA:230,15,1,0
BRDA:230,15,2,0
BRDA:230,15,3,0
BRDA:230,15,4,0
BRDA:230,15,5,0
BRDA:243,16,0,0
BRDA:243,16,1,0
BRDA:255,17,0,0
BRDA:255,17,1,0
BRDA:262,18,0,0
BRDA:262,18,1,0
BRDA:296,19,0,10
BRDA:296,19,1,0
BRDA:302,20,0,0
BRDA:302,20,1,0
BRDA:312,21,0,0
BRDA:312,21,1,10
BRDA:319,22,0,0
BRDA:319,22,1,10
BRDA:321,23,0,0
BRDA:321,23,1,10
BRDA:323,24,0,0
BRDA:323,24,1,10
BRDA:338,25,0,10
BRDA:338,25,1,10
BRDA:345,26,0,0
BRDA:345,26,1,0
BRDA:346,27,0,0
BRDA:346,27,1,10
BRDA:347,28,0,0
BRDA:347,28,1,0
BRDA:355,29,0,3
BRDA:355,29,1,5
BRDA:360,30,0,0
BRDA:360,30,1,5
BRDA:371,31,0,0
BRDA:371,31,1,5
BRDA:408,32,0,5
BRDA:408,32,1,0
BRDA:408,33,0,5
BRDA:408,33,1,0
BRDA:410,34,0,5
BRDA:410,34,1,0
BRDA:423,35,0,2
BRDA:423,35,1,13
BRDA:428,36,0,0
BRDA:428,36,1,13
BRDA:434,37,0,13
BRDA:434,37,1,0
BRDA:446,38,0,8
BRDA:446,38,1,0
BRDA:454,39,0,0
BRDA:454,39,1,2
BRDA:456,40,0,2
BRDA:456,40,1,0
BRDA:462,41,0,2
BRDA:462,41,1,0
BRDA:500,42,0,0
BRDA:500,42,1,3
BRDA:505,43,0,33
BRDA:505,43,1,0
BRDA:510,44,0,0
BRDA:510,44,1,6
BRDA:525,45,0,6
BRDA:525,45,1,0
BRDA:533,46,0,5
BRDA:533,46,1,119
BRDA:539,47,0,11
BRDA:539,47,1,22
BRDA:547,48,0,6
BRDA:547,48,1,0
BRDA:564,49,0,0
BRDA:564,49,1,6
BRDA:566,50,0,0
BRDA:566,50,1,0
BRDA:568,51,0,0
BRDA:568,51,1,0
BRDA:569,52,0,2
BRDA:569,52,1,4
BRDA:570,53,0,0
BRDA:570,53,1,2
BRDA:572,54,0,0
BRDA:572,54,1,2
BRDA:573,55,0,4
BRDA:573,55,1,0
BRDA:575,56,0,0
BRDA:575,56,1,4
BRDA:577,57,0,3
BRDA:577,57,1,1
BRDA:585,58,0,0
BRDA:585,58,1,0
BRDA:621,59,0,0
BRDA:621,59,1,0
BRDA:639,60,0,0
BRDA:639,60,1,0
BRDA:662,61,0,0
BRDA:662,61,1,0
BRDA:676,62,0,1
BRDA:676,62,1,0
BRDA:687,63,0,0
BRDA:687,63,1,0
BRDA:687,63,2,0
BRDA:687,63,3,0
BRDA:687,63,4,0
BRF:136
BRH:68
end_of_record
TN:
SF:src/engines/community-detector.ts
FN:27,(anonymous_0)
FN:29,(anonymous_1)
FN:44,(anonymous_2)
FN:50,(anonymous_3)
FN:70,(anonymous_4)
FN:129,(anonymous_5)
FN:162,(anonymous_6)
FN:204,(anonymous_7)
FN:206,(anonymous_8)
FN:209,(anonymous_9)
FN:212,(anonymous_10)
FN:226,(anonymous_11)
FN:235,(anonymous_12)
FN:238,(anonymous_13)
FN:239,(anonymous_14)
FN:243,(anonymous_15)
FN:249,(anonymous_16)
FN:250,(anonymous_17)
FNF:18
FNH:17
FNDA:141,(anonymous_0)
FNDA:16,(anonymous_1)
FNDA:29,(anonymous_2)
FNDA:29,(anonymous_3)
FNDA:14,(anonymous_4)
FNDA:8,(anonymous_5)
FNDA:14,(anonymous_6)
FNDA:20,(anonymous_7)
FNDA:28,(anonymous_8)
FNDA:1,(anonymous_9)
FNDA:44,(anonymous_10)
FNDA:58,(anonymous_11)
FNDA:0,(anonymous_12)
FNDA:20,(anonymous_13)
FNDA:28,(anonymous_14)
FNDA:20,(anonymous_15)
FNDA:1,(anonymous_16)
FNDA:21,(anonymous_17)
DA:27,141
DA:31,16
DA:43,16
DA:44,29
DA:50,29
DA:52,16
DA:53,2
DA:57,14
DA:58,14
DA:59,6
DA:63,8
DA:74,14
DA:77,14
DA:86,14
DA:87,8
DA:91,6
DA:92,6
DA:93,12
DA:94,12
DA:95,12
DA:96,12
DA:100,6
DA:103,6
DA:104,6
DA:105,13
DA:106,13
DA:107,12
DA:108,12
DA:111,6
DA:112,6
DA:115,6
DA:122,0
DA:133,8
DA:134,8
DA:135,16
DA:136,16
DA:137,16
DA:141,8
DA:142,8
DA:143,8
DA:144,12
DA:145,12
DA:148,8
DA:149,8
DA:152,8
DA:167,14
DA:168,20
DA:169,20
DA:170,20
DA:171,20
DA:173,20
DA:192,20
DA:193,28
DA:206,28
DA:207,20
DA:208,28
DA:209,20
DA:213,44
DA:217,44
DA:226,58
DA:227,44
DA:228,40
DA:230,40
DA:233,4
DA:234,4
DA:235,4
DA:239,28
DA:240,20
DA:244,20
DA:245,20
DA:246,28
DA:248,20
DA:249,1
DA:250,21
DA:253,20
LF:75
LH:74
BRDA:43,0,0,16
BRDA:43,0,1,0
BRDA:45,1,0,29
BRDA:45,1,1,0
BRDA:46,2,0,29
BRDA:46,2,1,2
BRDA:47,3,0,29
BRDA:47,3,1,0
BRDA:47,3,2,0
BRDA:48,4,0,29
BRDA:48,4,1,0
BRDA:52,5,0,2
BRDA:52,5,1,14
BRDA:58,6,0,6
BRDA:58,6,1,8
BRDA:86,7,0,8
BRDA:86,7,1,6
BRDA:86,8,0,14
BRDA:86,8,1,13
BRDA:86,8,2,13
BRDA:93,9,0,12
BRDA:93,9,1,0
BRDA:94,10,0,12
BRDA:94,10,1,0
BRDA:95,11,0,12
BRDA:95,11,1,0
BRDA:95,12,0,12
BRDA:95,12,1,12
BRDA:100,13,0,0
BRDA:100,13,1,6
BRDA:106,14,0,1
BRDA:106,14,1,12
BRDA:107,15,0,8
BRDA:107,15,1,4
BRDA:136,16,0,12
BRDA:136,16,1,4
BRDA:208,17,0,28
BRDA:208,17,1,21
BRDA:209,18,0,20
BRDA:209,18,1,0
BRDA:227,19,0,40
BRDA:227,19,1,4
BRDA:227,20,0,44
BRDA:227,20,1,40
BRDA:230,21,0,4
BRDA:230,21,1,36
BRDA:235,22,0,4
BRDA:235,22,1,4
BRDA:240,23,0,20
BRDA:240,23,1,19
BRDA:240,23,2,0
BRDA:246,24,0,28
BRDA:246,24,1,21
BRF:53
BRH:42
end_of_record
TN:
SF:src/engines/coordination-engine.ts
FN:33,(anonymous_0)
FN:37,(anonymous_1)
FN:95,(anonymous_2)
FN:117,(anonymous_3)
FN:130,(anonymous_4)
FN:131,(anonymous_5)
FN:136,(anonymous_6)
FN:143,(anonymous_7)
FN:147,(anonymous_8)
FN:159,(anonymous_9)
FN:160,(anonymous_10)
FN:162,(anonymous_11)
FN:163,(anonymous_12)
FN:164,(anonymous_13)
FN:179,(anonymous_14)
FN:188,(anonymous_15)
FN:197,(anonymous_16)
FN:211,(anonymous_17)
FN:224,(anonymous_18)
FNF:19
FNH:19
FNDA:145,(anonymous_0)
FNDA:3,(anonymous_1)
FNDA:4,(anonymous_2)
FNDA:3,(anonymous_3)
FNDA:2,(anonymous_4)
FNDA:2,(anonymous_5)
FNDA:1,(anonymous_6)
FNDA:2,(anonymous_7)
FNDA:8,(anonymous_8)
FNDA:2,(anonymous_9)
FNDA:2,(anonymous_10)
FNDA:2,(anonymous_11)
FNDA:2,(anonymous_12)
FNDA:1,(anonymous_13)
FNDA:2,(anonymous_14)
FNDA:2,(anonymous_15)
FNDA:1,(anonymous_16)
FNDA:2,(anonymous_17)
FNDA:2,(anonymous_18)
DA:33,145
DA:38,3
DA:44,3
DA:45,3
DA:46,1
DA:58,2
DA:59,2
DA:60,2
DA:62,2
DA:75,2
DA:76,0
DA:83,2
DA:97,4
DA:99,4
DA:100,1
DA:103,3
DA:104,3
DA:105,1
DA:108,2
DA:114,2
DA:118,3
DA:129,3
DA:130,2
DA:131,2
DA:133,3
DA:136,1
DA:143,2
DA:149,8
DA:157,8
DA:159,2
DA:160,2
DA:162,2
DA:163,2
DA:164,1
DA:179,2
DA:189,2
DA:190,2
DA:194,2
DA:198,1
DA:212,2
DA:213,2
DA:214,2
DA:219,2
DA:228,2
DA:233,2
DA:234,2
DA:237,0
DA:239,2
DA:241,2
LF:49
LH:47
BRDA:45,0,0,1
BRDA:45,0,1,2
BRDA:50,1,0,1
BRDA:50,1,1,0
BRDA:51,2,0,1
BRDA:51,2,1,0
BRDA:52,3,0,1
BRDA:52,3,1,0
BRDA:66,4,0,2
BRDA:66,4,1,1
BRDA:75,5,0,0
BRDA:75,5,1,2
BRDA:99,6,0,1
BRDA:99,6,1,3
BRDA:104,7,0,1
BRDA:104,7,1,2
BRDA:111,8,0,2
BRDA:111,8,1,0
BRDA:138,9,0,1
BRDA:138,9,1,0
BRDA:139,10,0,1
BRDA:139,10,1,0
BRDA:140,11,0,1
BRDA:140,11,1,0
BRDA:141,12,0,1
BRDA:141,12,1,0
BRDA:165,13,0,1
BRDA:165,13,1,0
BRDA:167,14,0,1
BRDA:167,14,1,0
BRDA:168,15,0,1
BRDA:168,15,1,0
BRDA:169,16,0,1
BRDA:169,16,1,0
BRDA:170,17,0,1
BRDA:170,17,1,0
BRDA:173,18,0,1
BRDA:173,18,1,0
BRDA:174,19,0,1
BRDA:174,19,1,0
BRDA:175,20,0,1
BRDA:175,20,1,0
BRDA:176,21,0,1
BRDA:176,21,1,0
BRDA:180,22,0,2
BRDA:180,22,1,0
BRDA:181,23,0,2
BRDA:181,23,1,0
BRDA:182,24,0,2
BRDA:182,24,1,0
BRDA:184,25,0,8
BRDA:184,25,1,6
BRDA:194,26,0,2
BRDA:194,26,1,1
BRDA:219,27,0,2
BRDA:219,27,1,1
BRDA:233,28,0,2
BRDA:233,28,1,0
BRDA:237,29,0,0
BRDA:237,29,1,0
BRDA:239,30,0,2
BRDA:239,30,1,0
BRDA:239,30,2,0
BRDA:239,30,3,0
BRDA:239,31,0,0
BRDA:239,31,1,0
BRF:66
BRH:37
end_of_record
TN:
SF:src/engines/coordination-queries.ts
FNF:0
FNH:0
DA:7,4
LF:1
LH:1
BRF:0
BRH:0
end_of_record
TN:
SF:src/engines/coordination-types.ts
FNF:0
FNH:0
LF:0
LH:0
BRF:0
BRH:0
end_of_record
TN:
SF:src/engines/coordination-utils.ts
FN:13,rowToClaim
FN:45,makeClaimId
FNF:2
FNH:2
FNDA:11,rowToClaim
FNDA:6,makeClaimId
DA:14,11
DA:16,11
DA:17,2
DA:20,9
DA:46,6
LF:5
LH:5
BRDA:14,0,0,11
BRDA:14,0,1,7
BRDA:14,0,2,7
BRDA:16,1,0,2
BRDA:16,1,1,9
BRDA:16,2,0,11
BRDA:16,2,1,11
BRDA:16,2,2,11
BRDA:22,3,0,9
BRDA:22,3,1,1
BRDA:23,4,0,11
BRDA:23,4,1,1
BRDA:24,5,0,5
BRDA:24,5,1,4
BRDA:25,6,0,11
BRDA:25,6,1,1
BRDA:26,7,0,11
BRDA:26,7,1,1
BRDA:27,8,0,11
BRDA:27,8,1,1
BRDA:28,9,0,11
BRDA:28,9,1,1
BRDA:29,10,0,4
BRDA:29,10,1,5
BRDA:30,11,0,8
BRDA:30,11,1,1
BRDA:31,12,0,0
BRDA:31,12,1,9
BRDA:34,13,0,0
BRDA:34,13,1,9
BRDA:35,14,0,11
BRDA:35,14,1,0
BRDA:45,15,0,6
BRF:33
BRH:30
end_of_record
TN:
SF:src/engines/docs-engine.ts
FN:72,(anonymous_0)
FN:78,(anonymous_1)
FN:91,(anonymous_2)
FN:129,(anonymous_3)
FN:172,(anonymous_4)
FN:181,(anonymous_5)
FN:197,(anonymous_6)
FN:221,(anonymous_7)
FN:226,(anonymous_8)
FN:246,(anonymous_9)
FN:271,(anonymous_10)
FN:277,(anonymous_11)
FN:284,(anonymous_12)
FN:287,(anonymous_13)
FN:309,(anonymous_14)
FN:312,(anonymous_15)
FN:326,(anonymous_16)
FN:329,(anonymous_17)
FN:330,(anonymous_18)
FN:351,(anonymous_19)
FN:365,(anonymous_20)
FN:377,(anonymous_21)
FN:378,(anonymous_22)
FNF:23
FNH:23
FNDA:144,(anonymous_0)
FNDA:21,(anonymous_1)
FNDA:9,(anonymous_2)
FNDA:24,(anonymous_3)
FNDA:5,(anonymous_4)
FNDA:8,(anonymous_5)
FNDA:3,(anonymous_6)
FNDA:1,(anonymous_7)
FNDA:8,(anonymous_8)
FNDA:4,(anonymous_9)
FNDA:2,(anonymous_10)
FNDA:2,(anonymous_11)
FNDA:3,(anonymous_12)
FNDA:3,(anonymous_13)
FNDA:21,(anonymous_14)
FNDA:24,(anonymous_15)
FNDA:3,(anonymous_16)
FNDA:24,(anonymous_17)
FNDA:24,(anonymous_18)
FNDA:24,(anonymous_19)
FNDA:24,(anonymous_20)
FNDA:9216,(anonymous_21)
FNDA:9216,(anonymous_22)
DA:57,5
DA:58,5
DA:73,144
DA:74,144
DA:75,144
DA:76,144
DA:79,21
DA:80,21
DA:96,9
DA:97,9
DA:100,9
DA:101,9
DA:103,9
DA:104,9
DA:112,9
DA:116,9
DA:117,27
DA:118,27
DA:121,27
DA:122,3
DA:123,3
DA:127,24
DA:128,24
DA:129,24
DA:130,24
DA:131,3
DA:135,3
DA:139,21
DA:140,3
DA:141,3
DA:142,3
DA:144,0
DA:152,21
DA:154,0
DA:161,9
DA:162,9
DA:177,5
DA:178,5
DA:181,8
DA:183,5
DA:186,4
DA:187,4
DA:190,2
DA:202,3
DA:203,3
DA:220,3
DA:221,1
DA:227,8
DA:232,8
DA:233,8
DA:234,8
DA:238,3
DA:239,3
DA:243,8
DA:251,4
DA:252,4
DA:253,4
DA:270,4
DA:271,2
DA:273,0
DA:283,2
DA:284,3
DA:286,2
DA:287,2
DA:288,3
DA:291,2
DA:308,2
DA:309,21
DA:313,24
DA:327,3
DA:328,3
DA:329,24
DA:330,24
DA:344,3
DA:352,24
DA:353,24
DA:354,441
DA:355,441
DA:357,24
DA:366,24
DA:367,24
DA:368,24
DA:369,379
DA:370,379
DA:371,2235
DA:373,379
DA:374,379
DA:377,9216
DA:378,9216
LF:89
LH:86
BRDA:72,0,0,144
BRDA:75,1,0,144
BRDA:75,1,1,143
BRDA:77,2,0,144
BRDA:77,2,1,21
BRDA:94,3,0,9
BRDA:97,4,0,9
BRDA:97,4,1,7
BRDA:100,5,0,9
BRDA:100,5,1,7
BRDA:101,6,0,9
BRDA:101,6,1,9
BRDA:112,7,0,8
BRDA:112,7,1,1
BRDA:121,8,0,3
BRDA:121,8,1,24
BRDA:121,9,0,27
BRDA:121,9,1,24
BRDA:130,10,0,3
BRDA:130,10,1,21
BRDA:139,11,0,3
BRDA:139,11,1,18
BRDA:139,12,0,21
BRDA:139,12,1,6
BRDA:156,13,0,0
BRDA:156,13,1,0
BRDA:175,14,0,5
BRDA:177,15,0,5
BRDA:177,15,1,4
BRDA:183,16,0,1
BRDA:183,16,1,4
BRDA:187,17,0,2
BRDA:187,17,1,2
BRDA:200,18,0,3
BRDA:202,19,0,3
BRDA:202,19,1,3
BRDA:220,20,0,2
BRDA:220,20,1,1
BRDA:220,21,0,3
BRDA:220,21,1,3
BRDA:233,22,0,8
BRDA:233,22,1,0
BRDA:238,23,0,3
BRDA:238,23,1,0
BRDA:238,24,0,3
BRDA:238,24,1,3
BRDA:251,25,0,0
BRDA:251,25,1,4
BRDA:270,26,0,2
BRDA:270,26,1,2
BRDA:270,27,0,4
BRDA:270,27,1,2
BRDA:308,28,0,0
BRDA:308,28,1,2
BRDA:308,29,0,2
BRDA:308,29,1,2
BRDA:314,30,0,24
BRDA:314,30,1,0
BRDA:315,31,0,24
BRDA:315,31,1,0
BRDA:316,32,0,24
BRDA:316,32,1,0
BRDA:317,33,0,24
BRDA:317,33,1,0
BRDA:318,34,0,24
BRDA:318,34,1,0
BRDA:319,35,0,24
BRDA:319,35,1,0
BRDA:320,36,0,24
BRDA:320,36,1,0
BRDA:327,37,0,0
BRDA:327,37,1,3
BRDA:367,38,0,24
BRDA:367,38,1,0
BRDA:377,39,0,24
BRDA:377,39,1,0
BRF:76
BRH:60
end_of_record
TN:
SF:src/engines/episode-engine.ts
FN:56,(anonymous_0)
FN:58,(anonymous_1)
FN:111,(anonymous_2)
FN:145,(anonymous_3)
FN:146,(anonymous_4)
FN:152,(anonymous_5)
FN:168,(anonymous_6)
FN:172,(anonymous_7)
FN:176,(anonymous_8)
FN:198,(anonymous_9)
FN:200,(anonymous_10)
FN:205,(anonymous_11)
FN:216,(anonymous_12)
FN:269,(anonymous_13)
FN:300,(anonymous_14)
FN:317,(anonymous_15)
FN:327,(anonymous_16)
FN:339,(anonymous_17)
FN:344,(anonymous_18)
FN:348,(anonymous_19)
FN:366,(anonymous_20)
FNF:21
FNH:21
FNDA:157,(anonymous_0)
FNDA:15,(anonymous_1)
FNDA:28,(anonymous_2)
FNDA:28,(anonymous_3)
FNDA:28,(anonymous_4)
FNDA:26,(anonymous_5)
FNDA:11,(anonymous_6)
FNDA:2,(anonymous_7)
FNDA:6,(anonymous_8)
FNDA:4,(anonymous_9)
FNDA:7,(anonymous_10)
FNDA:6,(anonymous_11)
FNDA:7,(anonymous_12)
FNDA:15,(anonymous_13)
FNDA:28,(anonymous_14)
FNDA:23,(anonymous_15)
FNDA:26,(anonymous_16)
FNDA:54,(anonymous_17)
FNDA:143,(anonymous_18)
FNDA:28,(anonymous_19)
FNDA:21,(anonymous_20)
DA:56,157
DA:59,15
DA:60,15
DA:61,15
DA:63,15
DA:94,15
DA:95,110
DA:107,15
DA:108,15
DA:112,28
DA:113,28
DA:118,28
DA:119,2
DA:120,2
DA:122,28
DA:123,1
DA:124,1
DA:126,28
DA:127,3
DA:128,3
DA:130,28
DA:131,1
DA:132,1
DA:135,28
DA:144,28
DA:145,28
DA:146,28
DA:148,28
DA:149,28
DA:150,28
DA:152,28
DA:153,26
DA:154,26
DA:156,26
DA:157,26
DA:159,26
DA:160,26
DA:162,26
DA:164,26
DA:167,28
DA:168,11
DA:173,2
DA:182,6
DA:190,6
DA:191,6
DA:192,11
DA:193,11
DA:197,6
DA:198,4
DA:200,7
DA:202,6
DA:205,6
DA:209,6
DA:216,7
DA:223,6
DA:224,6
DA:225,6
DA:226,6
DA:228,6
DA:247,6
DA:258,6
DA:261,6
DA:275,15
DA:287,15
DA:288,15
DA:289,14
DA:292,1
DA:301,28
DA:302,26
DA:304,28
DA:305,28
DA:306,0
DA:309,26
DA:317,23
DA:328,26
DA:329,2
DA:332,24
DA:333,24
DA:335,1
DA:340,54
DA:344,143
DA:349,28
DA:350,0
DA:352,28
DA:353,4
DA:356,24
DA:357,24
DA:358,44
DA:359,17
DA:362,24
DA:363,24
DA:367,21
LF:92
LH:90
BRDA:61,0,0,15
BRDA:61,0,1,4
BRDA:82,1,0,15
BRDA:82,1,1,15
BRDA:86,2,0,15
BRDA:86,2,1,6
BRDA:87,3,0,15
BRDA:87,3,1,7
BRDA:115,4,0,28
BRDA:115,4,1,18
BRDA:118,5,0,2
BRDA:118,5,1,26
BRDA:122,6,0,1
BRDA:122,6,1,27
BRDA:126,7,0,3
BRDA:126,7,1,25
BRDA:130,8,0,1
BRDA:130,8,1,27
BRDA:149,9,0,28
BRDA:149,9,1,26
BRDA:159,10,0,26
BRDA:159,10,1,0
BRDA:160,11,0,2
BRDA:160,11,1,24
BRDA:168,12,0,11
BRDA:168,12,1,0
BRDA:168,13,0,11
BRDA:168,13,1,0
BRDA:183,14,0,6
BRDA:183,14,1,6
BRDA:183,14,2,5
BRDA:187,15,0,6
BRDA:187,15,1,5
BRDA:192,16,0,11
BRDA:192,16,1,0
BRDA:193,17,0,11
BRDA:193,17,1,7
BRDA:202,18,0,3
BRDA:202,18,1,3
BRDA:211,19,0,6
BRDA:211,19,1,5
BRDA:288,20,0,14
BRDA:288,20,1,1
BRDA:301,21,0,2
BRDA:301,21,1,26
BRDA:301,22,0,28
BRDA:301,22,1,26
BRDA:302,23,0,26
BRDA:302,23,1,2
BRDA:302,23,2,2
BRDA:304,24,0,24
BRDA:304,24,1,2
BRDA:304,25,0,28
BRDA:304,25,1,26
BRDA:304,25,2,26
BRDA:305,26,0,0
BRDA:305,26,1,28
BRDA:305,27,0,28
BRDA:305,27,1,26
BRDA:311,28,0,26
BRDA:311,28,1,0
BRDA:312,29,0,28
BRDA:312,29,1,1
BRDA:313,30,0,24
BRDA:313,30,1,2
BRDA:314,31,0,28
BRDA:314,31,1,0
BRDA:315,32,0,28
BRDA:315,32,1,0
BRDA:316,33,0,25
BRDA:316,33,1,1
BRDA:319,34,0,28
BRDA:319,34,1,1
BRDA:322,35,0,28
BRDA:322,35,1,0
BRDA:328,36,0,2
BRDA:328,36,1,24
BRDA:328,37,0,26
BRDA:328,37,1,24
BRDA:349,38,0,0
BRDA:349,38,1,28
BRDA:349,39,0,28
BRDA:349,39,1,3
BRDA:352,40,0,4
BRDA:352,40,1,24
BRDA:352,41,0,28
BRDA:352,41,1,25
BRDA:358,42,0,17
BRDA:358,42,1,27
BRDA:363,43,0,24
BRDA:363,43,1,0
BRF:91
BRH:80
end_of_record
TN:
SF:src/engines/migration-engine.ts
FN:23,(anonymous_0)
FN:57,(anonymous_1)
FN:108,(anonymous_2)
FN:159,(anonymous_3)
FN:160,(anonymous_4)
FN:161,(anonymous_5)
FN:162,(anonymous_6)
FN:175,(anonymous_7)
FN:181,(anonymous_8)
FN:182,(anonymous_9)
FN:182,(anonymous_10)
FN:198,(anonymous_11)
FN:213,(anonymous_12)
FNF:13
FNH:0
FNDA:0,(anonymous_0)
FNDA:0,(anonymous_1)
FNDA:0,(anonymous_2)
FNDA:0,(anonymous_3)
FNDA:0,(anonymous_4)
FNDA:0,(anonymous_5)
FNDA:0,(anonymous_6)
FNDA:0,(anonymous_7)
FNDA:0,(anonymous_8)
FNDA:0,(anonymous_9)
FNDA:0,(anonymous_10)
FNDA:0,(anonymous_11)
FNDA:0,(anonymous_12)
DA:24,0
DA:27,0
DA:49,0
DA:51,0
DA:58,0
DA:59,0
DA:60,0
DA:62,0
DA:63,0
DA:64,0
DA:73,0
DA:76,0
DA:78,0
DA:79,0
DA:80,0
DA:81,0
DA:82,0
DA:86,0
DA:94,0
DA:95,0
DA:119,0
DA:122,0
DA:123,0
DA:125,0
DA:126,0
DA:128,0
DA:132,0
DA:134,0
DA:138,0
DA:140,0
DA:141,0
DA:142,0
DA:143,0
DA:153,0
DA:160,0
DA:161,0
DA:162,0
DA:164,0
DA:175,0
DA:181,0
DA:182,0
DA:199,0
DA:214,0
LF:43
LH:0
BRDA:63,0,0,0
BRDA:63,0,1,0
BRDA:79,1,0,0
BRDA:79,1,1,0
BRDA:81,2,0,0
BRDA:81,2,1,0
BRDA:126,3,0,0
BRDA:126,3,1,0
BRDA:132,4,0,0
BRDA:132,4,1,0
BRDA:138,5,0,0
BRDA:138,5,1,0
BRDA:138,6,0,0
BRDA:138,6,1,0
BRDA:142,7,0,0
BRDA:142,7,1,0
BRDA:179,8,0,0
BRDA:179,8,1,0
BRF:18
BRH:0
end_of_record
TN:
SF:src/engines/progress-engine.ts
FN:68,(anonymous_0)
FN:79,(anonymous_1)
FN:127,(anonymous_2)
FN:152,(anonymous_3)
FN:153,(anonymous_4)
FN:154,(anonymous_5)
FN:168,(anonymous_6)
FN:186,(anonymous_7)
FN:191,(anonymous_8)
FN:197,(anonymous_9)
FN:211,(anonymous_10)
FN:216,(anonymous_11)
FN:226,(anonymous_12)
FN:227,(anonymous_13)
FN:228,(anonymous_14)
FN:234,(anonymous_15)
FN:235,(anonymous_16)
FN:236,(anonymous_17)
FN:243,(anonymous_18)
FN:246,(anonymous_19)
FN:269,(anonymous_20)
FN:270,(anonymous_21)
FN:273,(anonymous_22)
FN:277,(anonymous_23)
FN:290,(anonymous_24)
FN:336,(anonymous_25)
FN:382,(anonymous_26)
FN:417,(anonymous_27)
FN:453,(anonymous_28)
FN:484,(anonymous_29)
FN:492,(anonymous_30)
FN:495,(anonymous_31)
FN:497,(anonymous_32)
FNF:33
FNH:24
FNDA:131,(anonymous_0)
FNDA:151,(anonymous_1)
FNDA:2,(anonymous_2)
FNDA:3,(anonymous_3)
FNDA:3,(anonymous_4)
FNDA:3,(anonymous_5)
FNDA:2,(anonymous_6)
FNDA:1,(anonymous_7)
FNDA:2,(anonymous_8)
FNDA:1,(anonymous_9)
FNDA:1,(anonymous_10)
FNDA:2,(anonymous_11)
FNDA:1,(anonymous_12)
FNDA:1,(anonymous_13)
FNDA:1,(anonymous_14)
FNDA:1,(anonymous_15)
FNDA:1,(anonymous_16)
FNDA:1,(anonymous_17)
FNDA:2,(anonymous_18)
FNDA:2,(anonymous_19)
FNDA:1,(anonymous_20)
FNDA:0,(anonymous_21)
FNDA:0,(anonymous_22)
FNDA:0,(anonymous_23)
FNDA:1,(anonymous_24)
FNDA:0,(anonymous_25)
FNDA:1,(anonymous_26)
FNDA:0,(anonymous_27)
FNDA:20,(anonymous_28)
FNDA:0,(anonymous_29)
FNDA:0,(anonymous_30)
FNDA:0,(anonymous_31)
FNDA:0,(anonymous_32)
DA:69,131
DA:70,131
DA:71,131
DA:72,131
DA:73,131
DA:81,151
DA:82,151
DA:83,8
DA:97,151
DA:98,151
DA:99,14
DA:114,151
DA:115,14
DA:116,14
DA:117,14
DA:118,0
DA:135,2
DA:137,2
DA:138,1
DA:139,1
DA:140,1
DA:142,1
DA:143,1
DA:144,2
DA:145,2
DA:146,2
DA:147,2
DA:152,3
DA:153,3
DA:154,3
DA:156,2
DA:169,2
DA:170,2
DA:172,2
DA:174,2
DA:175,1
DA:176,1
DA:177,1
DA:180,2
DA:187,1
DA:188,1
DA:191,2
DA:194,1
DA:195,1
DA:197,1
DA:198,1
DA:199,1
DA:200,1
DA:201,1
DA:206,1
DA:207,1
DA:209,1
DA:210,1
DA:211,1
DA:212,1
DA:214,1
DA:216,2
DA:217,1
DA:218,2
DA:219,2
DA:220,2
DA:221,2
DA:226,1
DA:227,1
DA:228,1
DA:229,1
DA:230,1
DA:234,1
DA:235,1
DA:236,1
DA:237,1
DA:238,1
DA:243,2
DA:246,2
DA:247,1
DA:249,1
DA:270,1
DA:272,1
DA:273,0
DA:276,1
DA:277,0
DA:278,0
DA:279,0
DA:283,1
DA:291,1
DA:292,1
DA:297,0
DA:299,0
DA:300,0
DA:316,0
DA:317,0
DA:321,0
DA:322,0
DA:323,0
DA:325,0
DA:337,0
DA:338,0
DA:343,0
DA:344,0
DA:363,0
DA:364,0
DA:368,0
DA:369,0
DA:370,0
DA:372,0
DA:383,1
DA:384,0
DA:387,1
DA:388,1
DA:406,1
DA:407,1
DA:409,0
DA:410,0
DA:418,0
DA:419,0
DA:422,0
DA:423,0
DA:441,0
DA:442,0
DA:444,0
DA:445,0
DA:454,20
DA:456,20
DA:457,20
DA:458,20
DA:459,20
DA:462,20
DA:463,20
DA:464,2
DA:465,1
DA:469,20
DA:470,3
DA:471,1
DA:476,20
DA:477,20
DA:478,20
DA:485,0
DA:492,0
DA:495,0
DA:497,0
LF:140
LH:101
BRDA:86,0,0,8
BRDA:86,0,1,0
BRDA:103,1,0,14
BRDA:103,1,1,0
BRDA:109,2,0,14
BRDA:109,2,1,8
BRDA:115,3,0,14
BRDA:115,3,1,0
BRDA:117,4,0,0
BRDA:117,4,1,14
BRDA:117,5,0,14
BRDA:117,5,1,14
BRDA:137,6,0,1
BRDA:137,6,1,1
BRDA:139,7,0,0
BRDA:139,7,1,1
BRDA:139,8,0,1
BRDA:139,8,1,0
BRDA:142,9,0,1
BRDA:142,9,1,0
BRDA:144,10,0,0
BRDA:144,10,1,2
BRDA:144,11,0,2
BRDA:144,11,1,0
BRDA:145,12,0,0
BRDA:145,12,1,2
BRDA:145,13,0,2
BRDA:145,13,1,0
BRDA:146,14,0,0
BRDA:146,14,1,2
BRDA:146,15,0,2
BRDA:146,15,1,0
BRDA:170,16,0,0
BRDA:170,16,1,2
BRDA:174,17,0,1
BRDA:174,17,1,1
BRDA:176,18,0,1
BRDA:176,18,1,0
BRDA:176,19,0,1
BRDA:176,19,1,1
BRDA:188,20,0,0
BRDA:188,20,1,1
BRDA:200,21,0,1
BRDA:200,21,1,0
BRDA:200,22,0,1
BRDA:200,22,1,1
BRDA:212,23,0,0
BRDA:212,23,1,1
BRDA:219,24,0,0
BRDA:219,24,1,2
BRDA:220,25,0,1
BRDA:220,25,1,1
BRDA:221,26,0,1
BRDA:221,26,1,1
BRDA:230,27,0,1
BRDA:230,27,1,1
BRDA:230,28,0,1
BRDA:230,28,1,0
BRDA:238,29,0,1
BRDA:238,29,1,1
BRDA:238,30,0,1
BRDA:238,30,1,0
BRDA:247,31,0,1
BRDA:247,31,1,0
BRDA:272,32,0,0
BRDA:272,32,1,1
BRDA:273,33,0,0
BRDA:273,33,1,0
BRDA:276,34,0,0
BRDA:276,34,1,1
BRDA:278,35,0,0
BRDA:278,35,1,0
BRDA:279,36,0,0
BRDA:279,36,1,0
BRDA:291,37,0,1
BRDA:291,37,1,0
BRDA:291,38,0,1
BRDA:291,38,1,1
BRDA:309,39,0,0
BRDA:309,39,1,0
BRDA:316,40,0,0
BRDA:316,40,1,0
BRDA:326,41,0,0
BRDA:326,41,1,0
BRDA:337,42,0,0
BRDA:337,42,1,0
BRDA:337,43,0,0
BRDA:337,43,1,0
BRDA:354,44,0,0
BRDA:354,44,1,0
BRDA:356,45,0,0
BRDA:356,45,1,0
BRDA:357,46,0,0
BRDA:357,46,1,0
BRDA:358,47,0,0
BRDA:358,47,1,0
BRDA:363,48,0,0
BRDA:363,48,1,0
BRDA:373,49,0,0
BRDA:373,49,1,0
BRDA:383,50,0,0
BRDA:383,50,1,1
BRDA:383,51,0,1
BRDA:383,51,1,1
BRDA:393,52,0,0
BRDA:393,52,1,1
BRDA:394,53,0,0
BRDA:394,53,1,1
BRDA:395,54,0,0
BRDA:395,54,1,1
BRDA:418,55,0,0
BRDA:418,55,1,0
BRDA:418,56,0,0
BRDA:418,56,1,0
BRDA:428,57,0,0
BRDA:428,57,1,0
BRDA:429,58,0,0
BRDA:429,58,1,0
BRDA:430,59,0,0
BRDA:430,59,1,0
BRDA:462,60,0,20
BRDA:462,60,1,0
BRDA:464,61,0,1
BRDA:464,61,1,1
BRDA:470,62,0,1
BRDA:470,62,1,2
BRF:126
BRH:58
end_of_record
TN:
SF:src/engines/test-engine.ts
FN:43,(anonymous_0)
FN:53,(anonymous_1)
FN:64,(anonymous_2)
FN:70,(anonymous_3)
FN:84,(anonymous_4)
FN:96,(anonymous_5)
FN:97,(anonymous_6)
FN:98,(anonymous_7)
FN:104,(anonymous_8)
FN:129,(anonymous_9)
FN:162,(anonymous_10)
FN:171,(anonymous_11)
FN:203,(anonymous_12)
FN:214,(anonymous_13)
FN:235,(anonymous_14)
FN:260,(anonymous_15)
FN:295,(anonymous_16)
FN:322,(anonymous_17)
FN:332,(anonymous_18)
FN:359,(anonymous_19)
FN:367,(anonymous_20)
FN:382,(anonymous_21)
FNF:22
FNH:19
FNDA:151,(anonymous_0)
FNDA:172,(anonymous_1)
FNDA:48,(anonymous_2)
FNDA:24,(anonymous_3)
FNDA:12,(anonymous_4)
FNDA:72,(anonymous_5)
FNDA:24,(anonymous_6)
FNDA:24,(anonymous_7)
FNDA:0,(anonymous_8)
FNDA:35,(anonymous_9)
FNDA:12,(anonymous_10)
FNDA:15,(anonymous_11)
FNDA:1,(anonymous_12)
FNDA:12,(anonymous_13)
FNDA:0,(anonymous_14)
FNDA:0,(anonymous_15)
FNDA:3,(anonymous_16)
FNDA:3,(anonymous_17)
FNDA:12,(anonymous_18)
FNDA:15,(anonymous_19)
FNDA:21,(anonymous_20)
FNDA:13,(anonymous_21)
DA:44,151
DA:45,151
DA:46,151
DA:47,151
DA:54,172
DA:56,172
DA:57,35
DA:58,35
DA:59,35
DA:62,35
DA:64,48
DA:67,35
DA:68,24
DA:70,24
DA:72,24
DA:73,24
DA:74,24
DA:77,24
DA:78,24
DA:82,24
DA:84,12
DA:85,24
DA:86,12
DA:87,12
DA:88,12
DA:96,35
DA:97,72
DA:98,72
DA:99,24
DA:100,24
DA:104,35
DA:106,35
DA:113,35
DA:114,35
DA:130,35
DA:132,35
DA:140,14
DA:143,21
DA:150,3
DA:153,18
DA:154,3
DA:156,15
DA:167,12
DA:168,12
DA:171,15
DA:174,12
DA:175,15
DA:176,27
DA:177,27
DA:180,27
DA:183,25
DA:184,11
DA:185,11
DA:186,11
DA:190,14
DA:191,0
DA:192,0
DA:193,0
DA:200,12
DA:201,3
DA:202,3
DA:203,3
DA:208,12
DA:209,12
DA:210,12
DA:213,12
DA:214,12
DA:215,12
DA:216,12
DA:219,12
DA:240,0
DA:241,0
DA:244,0
DA:245,0
DA:249,0
DA:250,0
DA:254,0
DA:266,0
DA:268,0
DA:273,0
DA:277,0
DA:281,0
DA:282,0
DA:283,0
DA:289,0
DA:296,3
DA:300,3
DA:301,3
DA:302,1
DA:306,3
DA:307,3
DA:308,3
DA:309,1
DA:313,3
DA:323,3
DA:324,3
DA:325,3
DA:326,3
DA:333,12
DA:334,12
DA:335,12
DA:337,12
DA:338,12
DA:339,12
DA:341,12
DA:342,12
DA:343,12
DA:346,12
DA:350,2
DA:353,10
DA:360,15
DA:368,21
DA:370,21
DA:371,21
DA:372,21
DA:373,21
DA:375,21
DA:376,21
DA:390,13
DA:391,13
DA:392,13
DA:393,13
DA:394,13
DA:396,13
DA:397,14
DA:399,4
DA:400,4
DA:402,4
DA:403,4
DA:405,3
DA:406,3
DA:408,3
DA:409,3
DA:411,14
DA:414,13
LF:135
LH:117
BRDA:74,0,0,0
BRDA:74,0,1,24
BRDA:77,1,0,24
BRDA:77,1,1,0
BRDA:87,2,0,12
BRDA:87,2,1,0
BRDA:87,3,0,12
BRDA:87,3,1,12
BRDA:100,4,0,24
BRDA:100,4,1,24
BRDA:117,5,0,35
BRDA:117,5,1,7
BRDA:118,6,0,35
BRDA:118,6,1,10
BRDA:132,7,0,14
BRDA:132,7,1,21
BRDA:133,8,0,35
BRDA:133,8,1,22
BRDA:133,8,2,22
BRDA:133,8,3,22
BRDA:133,8,4,21
BRDA:133,8,5,21
BRDA:143,9,0,3
BRDA:143,9,1,18
BRDA:144,10,0,21
BRDA:144,10,1,21
BRDA:144,10,2,21
BRDA:144,10,3,20
BRDA:144,10,4,18
BRDA:153,11,0,3
BRDA:153,11,1,15
BRDA:153,12,0,18
BRDA:153,12,1,16
BRDA:153,12,2,15
BRDA:164,13,0,12
BRDA:165,14,0,12
BRDA:177,15,0,0
BRDA:177,15,1,27
BRDA:180,16,0,2
BRDA:180,16,1,25
BRDA:180,17,0,27
BRDA:180,17,1,4
BRDA:183,18,0,11
BRDA:183,18,1,14
BRDA:190,19,0,0
BRDA:190,19,1,14
BRDA:190,20,0,14
BRDA:190,20,1,0
BRDA:200,21,0,3
BRDA:200,21,1,9
BRDA:210,22,0,11
BRDA:210,22,1,1
BRDA:216,23,0,12
BRDA:216,23,1,0
BRDA:241,24,0,0
BRDA:241,24,1,0
BRDA:245,25,0,0
BRDA:245,25,1,0
BRDA:249,26,0,0
BRDA:249,26,1,0
BRDA:249,27,0,0
BRDA:249,27,1,0
BRDA:268,28,0,0
BRDA:268,28,1,0
BRDA:269,29,0,0
BRDA:269,29,1,0
BRDA:273,30,0,0
BRDA:273,30,1,0
BRDA:274,31,0,0
BRDA:274,31,1,0
BRDA:281,32,0,0
BRDA:281,32,1,0
BRDA:282,33,0,0
BRDA:282,33,1,0
BRDA:301,34,0,1
BRDA:301,34,1,2
BRDA:308,35,0,1
BRDA:308,35,1,2
BRDA:308,36,0,3
BRDA:308,36,1,1
BRDA:339,37,0,0
BRDA:339,37,1,12
BRDA:341,38,0,8
BRDA:341,38,1,4
BRDA:342,39,0,4
BRDA:342,39,1,8
BRDA:343,40,0,0
BRDA:343,40,1,12
BRDA:346,41,0,2
BRDA:346,41,1,10
BRDA:346,42,0,12
BRDA:346,42,1,4
BRDA:346,42,2,2
BRDA:346,42,3,10
BRDA:348,43,0,8
BRDA:348,43,1,2
BRDA:348,44,0,4
BRDA:348,44,1,6
BRDA:348,45,0,0
BRDA:348,45,1,10
BRDA:353,46,0,2
BRDA:353,46,1,8
BRDA:397,47,0,4
BRDA:397,47,1,4
BRDA:397,47,2,3
BRDA:397,47,3,3
BRDA:420,48,0,12
BRDA:420,48,1,1
BRF:108
BRH:78
end_of_record
TN:
SF:src/graph/builder.ts
FN:87,(anonymous_0)
FN:94,(anonymous_1)
FN:106,(anonymous_2)
FN:120,(anonymous_3)
FN:126,(anonymous_4)
FN:130,(anonymous_5)
FN:134,(anonymous_6)
FN:142,(anonymous_7)
FN:145,(anonymous_8)
FN:148,(anonymous_9)
FN:151,(anonymous_10)
FN:154,(anonymous_11)
FN:162,(anonymous_12)
FN:228,(anonymous_13)
FN:267,(anonymous_14)
FN:344,(anonymous_15)
FN:422,(anonymous_16)
FN:452,(anonymous_17)
FN:490,(anonymous_18)
FN:561,(anonymous_19)
FN:597,(anonymous_20)
FN:606,(anonymous_21)
FN:650,(anonymous_22)
FN:706,(anonymous_23)
FNF:24
FNH:20
FNDA:133,(anonymous_0)
FNDA:144,(anonymous_1)
FNDA:14,(anonymous_2)
FNDA:22,(anonymous_3)
FNDA:0,(anonymous_4)
FNDA:110,(anonymous_5)
FNDA:10,(anonymous_6)
FNDA:3,(anonymous_7)
FNDA:1,(anonymous_8)
FNDA:1,(anonymous_9)
FNDA:4,(anonymous_10)
FNDA:3,(anonymous_11)
FNDA:10,(anonymous_12)
FNDA:40,(anonymous_13)
FNDA:3,(anonymous_14)
FNDA:1,(anonymous_15)
FNDA:0,(anonymous_16)
FNDA:1,(anonymous_17)
FNDA:4,(anonymous_18)
FNDA:3,(anonymous_19)
FNDA:10,(anonymous_20)
FNDA:0,(anonymous_21)
FNDA:0,(anonymous_22)
FNDA:4,(anonymous_23)
DA:80,133
DA:81,133
DA:88,133
DA:89,133
DA:90,133
DA:91,133
DA:95,144
DA:112,14
DA:113,14
DA:114,4
DA:116,3
DA:117,3
DA:122,22
DA:123,22
DA:127,0
DA:131,110
DA:135,10
DA:136,10
DA:139,10
DA:142,10
DA:145,10
DA:148,10
DA:151,10
DA:154,10
DA:157,10
DA:159,10
DA:164,10
DA:165,10
DA:166,10
DA:167,10
DA:169,10
DA:204,10
DA:207,10
DA:208,10
DA:211,10
DA:229,40
DA:230,40
DA:231,40
DA:233,40
DA:248,40
DA:249,40
DA:250,30
DA:253,30
DA:268,3
DA:269,3
DA:270,3
DA:272,3
DA:320,3
DA:333,3
DA:334,3
DA:345,1
DA:346,1
DA:347,1
DA:349,1
DA:389,1
DA:402,1
DA:403,0
DA:421,1
DA:422,0
DA:423,0
DA:441,1
DA:442,1
DA:453,1
DA:454,1
DA:455,1
DA:457,1
DA:477,1
DA:491,4
DA:492,4
DA:493,4
DA:495,4
DA:523,4
DA:536,4
DA:537,4
DA:540,0
DA:541,0
DA:562,3
DA:563,3
DA:564,3
DA:566,3
DA:584,3
DA:598,10
DA:599,10
DA:600,10
DA:603,0
DA:606,10
DA:607,0
DA:608,0
DA:609,0
DA:612,0
DA:636,0
DA:650,10
DA:651,0
DA:652,0
DA:653,0
DA:656,0
DA:676,0
DA:677,0
DA:678,0
DA:692,0
DA:707,4
DA:710,4
DA:711,4
DA:712,4
DA:719,4
DA:720,20
DA:721,0
DA:724,4
LF:108
LH:87
BRDA:88,0,0,133
BRDA:88,0,1,123
BRDA:88,0,2,0
BRDA:89,1,0,133
BRDA:89,1,1,123
BRDA:89,1,2,0
BRDA:90,2,0,133
BRDA:90,2,1,126
BRDA:90,2,2,126
BRDA:91,3,0,133
BRDA:91,3,1,126
BRDA:113,4,0,10
BRDA:113,4,1,4
BRDA:114,5,0,1
BRDA:114,5,1,3
BRDA:116,6,0,0
BRDA:116,6,1,3
BRDA:122,7,0,22
BRDA:122,7,1,0
BRDA:164,8,0,10
BRDA:164,8,1,0
BRDA:166,9,0,0
BRDA:166,9,1,10
BRDA:191,10,0,10
BRDA:191,10,1,0
BRDA:192,11,0,10
BRDA:192,11,1,0
BRDA:193,12,0,10
BRDA:193,12,1,7
BRDA:194,13,0,10
BRDA:194,13,1,0
BRDA:230,14,0,0
BRDA:230,14,1,40
BRDA:249,15,0,30
BRDA:249,15,1,10
BRDA:268,16,0,3
BRDA:268,16,1,0
BRDA:269,17,0,0
BRDA:269,17,1,3
BRDA:295,18,0,3
BRDA:295,18,1,0
BRDA:298,19,0,3
BRDA:298,19,1,0
BRDA:299,20,0,3
BRDA:299,20,1,0
BRDA:299,20,2,0
BRDA:300,21,0,3
BRDA:300,21,1,0
BRDA:300,21,2,0
BRDA:301,22,0,3
BRDA:301,22,1,0
BRDA:302,23,0,3
BRDA:302,23,1,1
BRDA:307,24,0,3
BRDA:307,24,1,0
BRDA:333,25,0,3
BRDA:333,25,1,0
BRDA:346,26,0,0
BRDA:346,26,1,1
BRDA:371,27,0,1
BRDA:371,27,1,0
BRDA:374,28,0,1
BRDA:374,28,1,0
BRDA:375,29,0,1
BRDA:375,29,1,0
BRDA:376,30,0,1
BRDA:376,30,1,0
BRDA:377,31,0,1
BRDA:377,31,1,0
BRDA:378,32,0,1
BRDA:378,32,1,1
BRDA:379,33,0,1
BRDA:379,33,1,0
BRDA:402,34,0,0
BRDA:402,34,1,1
BRDA:421,35,0,0
BRDA:421,35,1,1
BRDA:441,36,0,1
BRDA:441,36,1,0
BRDA:454,37,0,0
BRDA:454,37,1,1
BRDA:471,38,0,1
BRDA:471,38,1,1
BRDA:492,39,0,0
BRDA:492,39,1,4
BRDA:513,40,0,4
BRDA:513,40,1,4
BRDA:537,41,0,0
BRDA:537,41,1,4
BRDA:563,42,0,0
BRDA:563,42,1,3
BRDA:598,43,0,10
BRDA:598,43,1,10
BRDA:599,44,0,10
BRDA:599,44,1,10
BRDA:600,45,0,10
BRDA:600,45,1,0
BRDA:600,46,0,10
BRDA:600,46,1,10
BRDA:603,47,0,0
BRDA:603,47,1,0
BRDA:608,48,0,0
BRDA:608,48,1,0
BRDA:627,49,0,0
BRDA:627,49,1,0
BRDA:629,50,0,0
BRDA:629,50,1,0
BRDA:652,51,0,0
BRDA:652,51,1,0
BRDA:669,52,0,0
BRDA:669,52,1,0
BRDA:676,53,0,0
BRDA:676,53,1,0
BRDA:707,54,0,0
BRDA:707,54,1,4
BRDA:720,55,0,0
BRDA:720,55,1,20
BRF:117
BRH:65
end_of_record
TN:
SF:src/graph/cache.ts
FN:32,(anonymous_0)
FN:37,(anonymous_1)
FN:57,(anonymous_2)
FN:73,(anonymous_3)
FN:86,(anonymous_4)
FN:94,(anonymous_5)
FN:102,(anonymous_6)
FN:117,(anonymous_7)
FN:128,(anonymous_8)
FN:143,(anonymous_9)
FNF:10
FNH:7
FNDA:123,(anonymous_0)
FNDA:123,(anonymous_1)
FNDA:3,(anonymous_2)
FNDA:3,(anonymous_3)
FNDA:2,(anonymous_4)
FNDA:2,(anonymous_5)
FNDA:0,(anonymous_6)
FNDA:1,(anonymous_7)
FNDA:0,(anonymous_8)
FNDA:0,(anonymous_9)
DA:33,123
DA:34,123
DA:38,123
DA:39,123
DA:40,123
DA:41,123
DA:44,0
DA:47,0
DA:58,3
DA:59,3
DA:60,3
DA:61,0
DA:63,3
DA:64,3
DA:66,0
DA:74,3
DA:75,3
DA:87,2
DA:88,2
DA:95,2
DA:96,2
DA:103,0
DA:104,0
DA:105,0
DA:106,0
DA:107,0
DA:111,0
DA:118,1
DA:133,0
DA:144,0
LF:30
LH:18
BRDA:32,0,0,123
BRDA:39,1,0,123
BRDA:39,1,1,0
BRDA:60,2,0,0
BRDA:60,2,1,3
BRDA:96,3,0,2
BRDA:96,3,1,0
BRDA:106,4,0,0
BRDA:106,4,1,0
BRDA:106,5,0,0
BRDA:106,5,1,0
BRF:11
BRH:4
end_of_record
TN:
SF:src/graph/client.ts
FN:42,sleep
FN:43,(anonymous_1)
FN:74,(anonymous_2)
FN:88,(anonymous_3)
FN:124,(anonymous_4)
FN:138,(anonymous_5)
FN:149,(anonymous_6)
FN:159,(anonymous_7)
FN:171,(anonymous_8)
FN:176,(anonymous_9)
FN:190,(anonymous_10)
FN:192,(anonymous_11)
FN:212,(anonymous_12)
FN:221,(anonymous_13)
FN:230,(anonymous_14)
FN:254,(anonymous_15)
FN:272,(anonymous_16)
FN:304,(anonymous_17)
FN:315,(anonymous_18)
FN:338,(anonymous_19)
FN:349,(anonymous_20)
FN:389,(anonymous_21)
FN:411,(anonymous_22)
FN:424,(anonymous_23)
FN:442,(anonymous_24)
FNF:25
FNH:20
FNDA:1,sleep
FNDA:1,(anonymous_1)
FNDA:7,(anonymous_2)
FNDA:1,(anonymous_3)
FNDA:7,(anonymous_4)
FNDA:1,(anonymous_5)
FNDA:1,(anonymous_6)
FNDA:4,(anonymous_7)
FNDA:2,(anonymous_8)
FNDA:1,(anonymous_9)
FNDA:1,(anonymous_10)
FNDA:0,(anonymous_11)
FNDA:0,(anonymous_12)
FNDA:0,(anonymous_13)
FNDA:4,(anonymous_14)
FNDA:2,(anonymous_15)
FNDA:2,(anonymous_16)
FNDA:2,(anonymous_17)
FNDA:1,(anonymous_18)
FNDA:0,(anonymous_19)
FNDA:0,(anonymous_20)
FNDA:2,(anonymous_21)
FNDA:1,(anonymous_22)
FNDA:1,(anonymous_23)
FNDA:1,(anonymous_24)
DA:27,5
DA:33,5
DA:36,5
DA:39,5
DA:43,1
DA:61,7
DA:62,7
DA:66,7
DA:67,7
DA:68,7
DA:72,7
DA:75,7
DA:82,7
DA:84,7
DA:85,7
DA:89,1
DA:91,1
DA:92,1
DA:93,0
DA:94,0
DA:95,0
DA:96,0
DA:97,0
DA:99,1
DA:100,1
DA:104,1
DA:105,1
DA:106,1
DA:108,1
DA:109,1
DA:110,1
DA:111,1
DA:112,1
DA:113,1
DA:114,1
DA:115,1
DA:118,0
DA:119,0
DA:120,0
DA:125,7
DA:126,7
DA:131,7
DA:139,1
DA:140,0
DA:143,1
DA:144,1
DA:150,1
DA:151,1
DA:152,1
DA:160,4
DA:161,0
DA:162,0
DA:164,0
DA:165,0
DA:166,0
DA:168,0
DA:172,2
DA:173,2
DA:177,1
DA:178,1
DA:179,0
DA:180,0
DA:181,0
DA:191,1
DA:192,1
DA:193,0
DA:194,0
DA:195,0
DA:196,0
DA:199,0
DA:200,0
DA:201,0
DA:202,0
DA:207,1
DA:208,1
DA:213,0
DA:214,0
DA:215,0
DA:222,0
DA:223,0
DA:224,0
DA:225,0
DA:226,0
DA:232,4
DA:233,0
DA:240,4
DA:241,1
DA:242,1
DA:243,1
DA:245,1
DA:253,3
DA:254,2
DA:258,3
DA:259,4
DA:260,1
DA:261,1
DA:266,1
DA:269,4
DA:270,4
DA:271,4
DA:272,2
DA:274,2
DA:275,2
DA:277,2
DA:278,2
DA:280,2
DA:281,1
DA:286,1
DA:289,1
DA:290,1
DA:294,1
DA:296,4
DA:300,1
DA:301,1
DA:305,2
DA:306,2
DA:307,2
DA:316,1
DA:318,1
DA:319,2
DA:320,2
DA:323,2
DA:324,1
DA:328,1
DA:339,0
DA:340,0
DA:350,0
DA:353,0
DA:354,0
DA:358,0
DA:359,0
DA:360,0
DA:361,0
DA:365,0
DA:366,0
DA:367,0
DA:368,0
DA:372,0
DA:373,0
DA:377,0
DA:378,0
DA:382,0
DA:399,2
DA:400,1
DA:403,1
DA:405,1
DA:411,1
DA:418,1
DA:424,1
DA:432,1
DA:434,0
DA:435,0
DA:443,1
LF:153
LH:98
BRDA:74,0,0,7
BRDA:76,1,0,7
BRDA:76,1,1,6
BRDA:77,2,0,7
BRDA:77,2,1,6
BRDA:78,3,0,7
BRDA:78,3,1,7
BRDA:79,4,0,7
BRDA:79,4,1,7
BRDA:99,5,0,1
BRDA:99,5,1,0
BRDA:127,6,0,7
BRDA:127,6,1,0
BRDA:128,7,0,7
BRDA:128,7,1,7
BRDA:139,8,0,0
BRDA:139,8,1,1
BRDA:139,9,0,1
BRDA:139,9,1,1
BRDA:143,10,0,1
BRDA:143,10,1,0
BRDA:160,11,0,4
BRDA:160,11,1,0
BRDA:162,12,0,0
BRDA:162,12,1,0
BRDA:173,13,0,0
BRDA:173,13,1,2
BRDA:178,14,0,0
BRDA:178,14,1,1
BRDA:191,15,0,0
BRDA:191,15,1,1
BRDA:199,16,0,0
BRDA:199,16,1,0
BRDA:207,17,0,1
BRDA:207,17,1,0
BRDA:213,18,0,0
BRDA:213,18,1,0
BRDA:223,19,0,0
BRDA:223,19,1,0
BRDA:230,20,0,4
BRDA:232,21,0,0
BRDA:232,21,1,4
BRDA:240,22,0,1
BRDA:240,22,1,3
BRDA:247,23,0,1
BRDA:247,23,1,0
BRDA:254,24,0,1
BRDA:254,24,1,1
BRDA:259,25,0,1
BRDA:259,25,1,3
BRDA:260,26,0,1
BRDA:260,26,1,0
BRDA:277,27,0,2
BRDA:277,27,1,0
BRDA:278,28,0,2
BRDA:278,28,1,2
BRDA:280,29,0,1
BRDA:280,29,1,1
BRDA:305,30,0,2
BRDA:305,30,1,0
BRDA:308,31,0,2
BRDA:308,31,1,1
BRDA:308,31,2,1
BRDA:308,31,3,1
BRDA:323,32,0,1
BRDA:323,32,1,1
BRDA:353,33,0,0
BRDA:353,33,1,0
BRDA:353,34,0,0
BRDA:353,34,1,0
BRDA:358,35,0,0
BRDA:358,35,1,0
BRDA:358,36,0,0
BRDA:358,36,1,0
BRDA:360,37,0,0
BRDA:360,37,1,0
BRDA:365,38,0,0
BRDA:365,38,1,0
BRDA:367,39,0,0
BRDA:367,39,1,0
BRDA:372,40,0,0
BRDA:372,40,1,0
BRDA:372,41,0,0
BRDA:372,41,1,0
BRDA:377,42,0,0
BRDA:377,42,1,0
BRDA:399,43,0,1
BRDA:399,43,1,1
BRDA:414,44,0,1
BRDA:414,44,1,0
BRDA:429,45,0,1
BRDA:429,45,1,0
BRF:92
BRH:48
end_of_record
TN:
SF:src/graph/docs-builder.ts
FN:21,(anonymous_0)
FN:43,(anonymous_1)
FN:75,(anonymous_2)
FN:104,(anonymous_3)
FN:138,(anonymous_4)
FN:149,(anonymous_5)
FN:169,(anonymous_6)
FN:210,(anonymous_7)
FN:214,(anonymous_8)
FNF:9
FNH:9
FNDA:51,(anonymous_0)
FNDA:54,(anonymous_1)
FNDA:54,(anonymous_2)
FNDA:204,(anonymous_3)
FNDA:204,(anonymous_4)
FNDA:151,(anonymous_5)
FNDA:315,(anonymous_6)
FNDA:54,(anonymous_7)
FNDA:408,(anonymous_8)
DA:22,51
DA:23,51
DA:24,51
DA:25,51
DA:44,54
DA:45,54
DA:47,54
DA:49,54
DA:50,54
DA:51,204
DA:52,204
DA:53,204
DA:54,204
DA:58,54
DA:59,151
DA:63,54
DA:64,204
DA:65,204
DA:66,315
DA:70,54
DA:76,54
DA:110,204
DA:139,204
DA:150,151
DA:170,315
DA:173,315
DA:190,315
DA:205,315
DA:211,54
DA:215,408
LF:30
LH:30
BRDA:22,0,0,51
BRDA:22,0,1,21
BRDA:22,0,2,0
BRDA:23,1,0,51
BRDA:23,1,1,0
BRDA:23,1,2,0
BRDA:24,2,0,51
BRDA:24,2,1,0
BRDA:24,2,2,0
BRDA:25,3,0,51
BRDA:25,3,1,0
BRF:11
BRH:5
end_of_record
TN:
SF:src/graph/hybrid-retriever.ts
FN:51,(anonymous_0)
FN:43,(anonymous_1)
FN:47,(anonymous_2)
FN:57,(anonymous_3)
FN:72,(anonymous_4)
FN:88,(anonymous_5)
FN:101,(anonymous_6)
FN:120,(anonymous_7)
FN:145,(anonymous_8)
FN:150,(anonymous_9)
FN:162,(anonymous_10)
FN:179,(anonymous_11)
FN:215,(anonymous_12)
FN:248,(anonymous_13)
FN:250,(anonymous_14)
FN:257,(anonymous_15)
FN:261,(anonymous_16)
FN:262,(anonymous_17)
FN:274,(anonymous_18)
FN:275,(anonymous_19)
FN:288,(anonymous_20)
FN:297,(anonymous_21)
FN:306,(anonymous_22)
FN:307,(anonymous_23)
FN:312,(anonymous_24)
FN:313,(anonymous_25)
FN:317,(anonymous_26)
FN:320,(anonymous_27)
FN:323,(anonymous_28)
FN:344,(anonymous_29)
FN:349,(anonymous_30)
FN:350,(anonymous_31)
FN:353,(anonymous_32)
FN:354,(anonymous_33)
FNF:34
FNH:27
FNDA:133,(anonymous_0)
FNDA:9,(anonymous_1)
FNDA:11,(anonymous_2)
FNDA:2,(anonymous_3)
FNDA:3,(anonymous_4)
FNDA:0,(anonymous_5)
FNDA:0,(anonymous_6)
FNDA:2,(anonymous_7)
FNDA:1,(anonymous_8)
FNDA:1,(anonymous_9)
FNDA:75,(anonymous_10)
FNDA:287,(anonymous_11)
FNDA:0,(anonymous_12)
FNDA:0,(anonymous_13)
FNDA:0,(anonymous_14)
FNDA:2,(anonymous_15)
FNDA:6,(anonymous_16)
FNDA:3,(anonymous_17)
FNDA:1,(anonymous_18)
FNDA:3,(anonymous_19)
FNDA:1,(anonymous_20)
FNDA:1,(anonymous_21)
FNDA:3,(anonymous_22)
FNDA:2,(anonymous_23)
FNDA:2,(anonymous_24)
FNDA:1,(anonymous_25)
FNDA:2,(anonymous_26)
FNDA:2,(anonymous_27)
FNDA:3,(anonymous_28)
FNDA:2,(anonymous_29)
FNDA:0,(anonymous_30)
FNDA:0,(anonymous_31)
FNDA:2,(anonymous_32)
FNDA:3,(anonymous_33)
DA:36,133
DA:41,133
DA:44,9
DA:48,11
DA:52,133
DA:53,133
DA:54,133
DA:58,2
DA:59,2
DA:60,2
DA:63,2
DA:67,2
DA:71,2
DA:72,3
DA:77,2
DA:81,2
DA:82,2
DA:83,2
DA:85,2
DA:89,0
DA:90,0
DA:92,0
DA:93,0
DA:94,0
DA:100,0
DA:101,0
DA:102,0
DA:113,0
DA:114,0
DA:117,0
DA:121,2
DA:123,2
DA:124,2
DA:125,2
DA:142,1
DA:143,1
DA:144,1
DA:145,1
DA:150,1
DA:158,1
DA:159,1
DA:167,75
DA:168,0
DA:174,75
DA:175,75
DA:179,74
DA:180,287
DA:182,75
DA:184,2
DA:185,0
DA:190,2
DA:191,2
DA:193,72
DA:198,72
DA:199,72
DA:204,72
DA:205,72
DA:207,1
DA:216,0
DA:217,0
DA:218,0
DA:221,0
DA:230,0
DA:232,0
DA:233,0
DA:234,0
DA:236,0
DA:237,0
DA:238,0
DA:239,0
DA:243,0
DA:244,0
DA:247,0
DA:248,0
DA:250,0
DA:258,2
DA:259,2
DA:261,2
DA:262,6
DA:263,3
DA:264,3
DA:265,3
DA:267,3
DA:268,3
DA:269,3
DA:273,2
DA:274,1
DA:276,3
DA:277,3
DA:294,1
DA:297,1
DA:299,1
DA:305,1
DA:306,3
DA:307,2
DA:312,2
DA:313,1
DA:319,2
DA:320,2
DA:328,3
DA:329,3
DA:330,0
DA:337,3
DA:345,2
DA:346,2
DA:349,0
DA:350,0
DA:354,2
DA:355,3
DA:356,3
LF:110
LH:77
BRDA:58,0,0,2
BRDA:58,0,1,0
BRDA:59,1,0,2
BRDA:59,1,1,0
BRDA:60,2,0,2
BRDA:60,2,1,2
BRDA:63,3,0,0
BRDA:63,3,1,2
BRDA:63,4,0,2
BRDA:63,4,1,2
BRDA:67,5,0,2
BRDA:67,5,1,0
BRDA:67,6,0,2
BRDA:67,6,1,0
BRDA:77,7,0,0
BRDA:77,7,1,2
BRDA:77,8,0,2
BRDA:77,8,1,2
BRDA:89,9,0,0
BRDA:89,9,1,0
BRDA:92,10,0,0
BRDA:92,10,1,0
BRDA:113,11,0,0
BRDA:113,11,1,0
BRDA:121,12,0,2
BRDA:121,12,1,0
BRDA:123,13,0,2
BRDA:123,13,1,0
BRDA:142,14,0,1
BRDA:142,14,1,0
BRDA:142,15,0,1
BRDA:142,15,1,1
BRDA:146,16,0,1
BRDA:146,16,1,0
BRDA:147,17,0,1
BRDA:147,17,1,0
BRDA:150,18,0,1
BRDA:150,18,1,1
BRDA:167,19,0,0
BRDA:167,19,1,75
BRDA:179,20,0,74
BRDA:179,20,1,0
BRDA:180,21,0,287
BRDA:180,21,1,283
BRDA:182,22,0,2
BRDA:182,22,1,73
BRDA:184,23,0,0
BRDA:184,23,1,2
BRDA:198,24,0,72
BRDA:198,24,1,0
BRDA:210,25,0,1
BRDA:210,25,1,0
BRDA:216,26,0,0
BRDA:216,26,1,0
BRDA:217,27,0,0
BRDA:217,27,1,0
BRDA:237,28,0,0
BRDA:237,28,1,0
BRDA:238,29,0,0
BRDA:238,29,1,0
BRDA:239,30,0,0
BRDA:239,30,1,0
BRDA:243,31,0,0
BRDA:243,31,1,0
BRDA:265,32,0,3
BRDA:265,32,1,3
BRDA:267,33,0,3
BRDA:267,33,1,3
BRDA:283,34,0,3
BRDA:283,34,1,0
BRDA:306,35,0,3
BRDA:306,35,1,0
BRDA:319,36,0,2
BRDA:319,36,1,0
BRDA:319,37,0,2
BRDA:319,37,1,0
BRDA:319,38,0,2
BRDA:319,38,1,0
BRDA:320,39,0,2
BRDA:320,39,1,0
BRDA:329,40,0,0
BRDA:329,40,1,3
BRDA:338,41,0,3
BRDA:338,41,1,0
BRDA:338,41,2,0
BRDA:339,42,0,3
BRDA:339,42,1,0
BRDA:339,42,2,0
BRDA:340,43,0,3
BRDA:340,43,1,0
BRDA:345,44,0,2
BRDA:345,44,1,0
BRDA:356,45,0,3
BRDA:356,45,1,0
BRF:94
BRH:46
end_of_record
TN:
SF:src/graph/index.ts
FN:53,(anonymous_0)
FN:72,(anonymous_1)
FN:110,(anonymous_2)
FN:142,(anonymous_3)
FN:149,(anonymous_4)
FN:156,(anonymous_5)
FN:163,(anonymous_6)
FN:170,(anonymous_7)
FN:177,(anonymous_8)
FN:184,(anonymous_9)
FN:201,(anonymous_10)
FN:208,(anonymous_11)
FN:216,(anonymous_12)
FN:245,(anonymous_13)
FNF:14
FNH:11
FNDA:220,(anonymous_0)
FNDA:2,(anonymous_1)
FNDA:75,(anonymous_2)
FNDA:643,(anonymous_3)
FNDA:103,(anonymous_4)
FNDA:136,(anonymous_5)
FNDA:4,(anonymous_6)
FNDA:0,(anonymous_7)
FNDA:9,(anonymous_8)
FNDA:0,(anonymous_9)
FNDA:2,(anonymous_10)
FNDA:2,(anonymous_11)
FNDA:2,(anonymous_12)
FNDA:0,(anonymous_13)
DA:36,307
DA:54,220
DA:55,220
DA:56,3
DA:57,1
DA:60,2
DA:69,2
DA:71,2
DA:72,3
DA:73,3
DA:74,2
DA:77,2
DA:78,1
DA:80,2
DA:82,2
DA:83,1
DA:87,1
DA:91,2
DA:94,217
DA:96,217
DA:98,217
DA:99,149
DA:101,217
DA:103,217
DA:104,217
DA:117,75
DA:119,75
DA:120,70
DA:122,75
DA:124,75
DA:125,65
DA:127,75
DA:129,75
DA:130,49
DA:132,75
DA:134,75
DA:135,75
DA:143,643
DA:150,103
DA:157,136
DA:164,4
DA:171,0
DA:178,9
DA:185,0
DA:186,0
DA:187,0
DA:188,0
DA:189,0
DA:190,0
DA:202,2
DA:209,2
DA:220,2
DA:221,2
DA:224,2
DA:225,3
DA:226,3
DA:230,2
DA:231,1
DA:232,1
DA:233,1
DA:239,2
DA:246,0
LF:62
LH:54
BRDA:53,0,0,220
BRDA:55,1,0,3
BRDA:55,1,1,217
BRDA:56,2,0,1
BRDA:56,2,1,2
BRDA:71,3,0,2
BRDA:71,3,1,0
BRDA:73,4,0,2
BRDA:73,4,1,1
BRDA:77,5,0,1
BRDA:77,5,1,1
BRDA:82,6,0,1
BRDA:82,6,1,1
BRDA:84,7,0,1
BRDA:84,7,1,0
BRDA:88,8,0,1
BRDA:88,8,1,1
BRDA:98,9,0,149
BRDA:98,9,1,68
BRDA:104,10,0,217
BRDA:104,10,1,149
BRDA:119,11,0,70
BRDA:119,11,1,5
BRDA:124,12,0,65
BRDA:124,12,1,10
BRDA:129,13,0,49
BRDA:129,13,1,26
BRDA:136,14,0,75
BRDA:136,14,1,49
BRDA:143,15,0,643
BRDA:143,15,1,524
BRDA:157,16,0,136
BRDA:157,16,1,63
BRDA:164,17,0,4
BRDA:164,17,1,2
BRDA:171,18,0,0
BRDA:171,18,1,0
BRF:37
BRH:33
end_of_record
TN:
SF:src/graph/orchestrator.ts
FN:87,(anonymous_0)
FN:128,(anonymous_1)
FN:176,(anonymous_2)
FN:220,(anonymous_3)
FN:231,(anonymous_4)
FN:239,(anonymous_5)
FN:240,(anonymous_6)
FN:318,(anonymous_7)
FN:425,(anonymous_8)
FN:443,(anonymous_9)
FN:445,(anonymous_10)
FN:448,(anonymous_11)
FN:473,(anonymous_12)
FN:485,(anonymous_13)
FN:487,(anonymous_14)
FN:490,(anonymous_15)
FN:494,(anonymous_16)
FN:495,(anonymous_17)
FN:504,(anonymous_18)
FN:559,(anonymous_19)
FN:613,(anonymous_20)
FN:624,(anonymous_21)
FN:625,(anonymous_22)
FN:639,(anonymous_23)
FN:640,(anonymous_24)
FN:656,(anonymous_25)
FN:663,(anonymous_26)
FN:699,(anonymous_27)
FN:718,(anonymous_28)
FN:723,(anonymous_29)
FN:736,(anonymous_30)
FN:749,(anonymous_31)
FN:771,(anonymous_32)
FN:793,(anonymous_33)
FN:811,(anonymous_34)
FN:825,(anonymous_35)
FN:834,(anonymous_36)
FN:837,(anonymous_37)
FN:841,(anonymous_38)
FN:848,(anonymous_39)
FN:852,(anonymous_40)
FN:862,(anonymous_41)
FN:885,(anonymous_42)
FN:893,(anonymous_43)
FN:935,(anonymous_44)
FN:947,(anonymous_45)
FN:981,(anonymous_46)
FN:993,(anonymous_47)
FN:1064,(anonymous_48)
FN:1065,(anonymous_49)
FN:1071,(anonymous_50)
FNF:51
FNH:25
FNDA:123,(anonymous_0)
FNDA:492,(anonymous_1)
FNDA:3,(anonymous_2)
FNDA:0,(anonymous_3)
FNDA:2,(anonymous_4)
FNDA:2,(anonymous_5)
FNDA:2,(anonymous_6)
FNDA:0,(anonymous_7)
FNDA:3,(anonymous_8)
FNDA:4,(anonymous_9)
FNDA:16,(anonymous_10)
FNDA:3,(anonymous_11)
FNDA:2,(anonymous_12)
FNDA:0,(anonymous_13)
FNDA:0,(anonymous_14)
FNDA:0,(anonymous_15)
FNDA:0,(anonymous_16)
FNDA:0,(anonymous_17)
FNDA:3,(anonymous_18)
FNDA:3,(anonymous_19)
FNDA:0,(anonymous_20)
FNDA:0,(anonymous_21)
FNDA:0,(anonymous_22)
FNDA:0,(anonymous_23)
FNDA:0,(anonymous_24)
FNDA:0,(anonymous_25)
FNDA:0,(anonymous_26)
FNDA:0,(anonymous_27)
FNDA:2,(anonymous_28)
FNDA:2,(anonymous_29)
FNDA:3,(anonymous_30)
FNDA:2,(anonymous_31)
FNDA:0,(anonymous_32)
FNDA:0,(anonymous_33)
FNDA:3,(anonymous_34)
FNDA:3,(anonymous_35)
FNDA:0,(anonymous_36)
FNDA:0,(anonymous_37)
FNDA:3,(anonymous_38)
FNDA:2,(anonymous_39)
FNDA:0,(anonymous_40)
FNDA:0,(anonymous_41)
FNDA:3,(anonymous_42)
FNDA:3,(anonymous_43)
FNDA:3,(anonymous_44)
FNDA:0,(anonymous_45)
FNDA:0,(anonymous_46)
FNDA:3,(anonymous_47)
FNDA:0,(anonymous_48)
FNDA:0,(anonymous_49)
FNDA:0,(anonymous_50)
DA:72,123
DA:73,123
DA:74,123
DA:75,123
DA:88,123
DA:89,123
DA:90,123
DA:94,123
DA:95,123
DA:96,123
DA:97,123
DA:98,0
DA:99,0
DA:101,0
DA:102,0
DA:104,0
DA:109,123
DA:110,123
DA:111,123
DA:112,0
DA:113,0
DA:115,0
DA:116,0
DA:118,0
DA:124,123
DA:125,123
DA:126,123
DA:128,492
DA:129,123
DA:130,492
DA:131,492
DA:132,0
DA:134,492
DA:139,123
DA:140,123
DA:141,123
DA:142,0
DA:143,0
DA:144,0
DA:145,0
DA:146,0
DA:147,0
DA:150,123
DA:152,123
DA:153,492
DA:154,492
DA:156,123
DA:157,0
DA:159,123
DA:160,123
DA:165,123
DA:166,123
DA:167,123
DA:168,123
DA:169,123
DA:170,123
DA:177,3
DA:178,3
DA:192,3
DA:193,3
DA:195,3
DA:196,3
DA:197,0
DA:198,0
DA:202,3
DA:204,3
DA:205,0
DA:209,3
DA:210,3
DA:212,3
DA:213,2
DA:218,2
DA:219,0
DA:220,0
DA:222,0
DA:224,0
DA:225,0
DA:230,2
DA:231,2
DA:238,2
DA:239,2
DA:240,2
DA:241,2
DA:243,2
DA:244,0
DA:251,1
DA:252,1
DA:256,3
DA:257,3
DA:258,3
DA:259,3
DA:266,3
DA:267,3
DA:268,3
DA:269,3
DA:270,3
DA:271,3
DA:272,3
DA:274,3
DA:277,3
DA:280,3
DA:281,3
DA:283,3
DA:284,0
DA:289,0
DA:294,3
DA:299,3
DA:302,3
DA:303,0
DA:305,3
DA:306,3
DA:309,3
DA:311,3
DA:312,0
DA:313,0
DA:317,0
DA:318,0
DA:319,0
DA:320,0
DA:323,3
DA:324,0
DA:331,3
DA:333,3
DA:334,0
DA:335,0
DA:337,0
DA:338,0
DA:339,0
DA:343,0
DA:344,0
DA:349,0
DA:350,0
DA:351,0
DA:355,0
DA:362,3
DA:365,3
DA:366,1
DA:367,1
DA:368,1
DA:369,0
DA:374,0
DA:380,3
DA:382,3
DA:383,0
DA:384,0
DA:385,0
DA:386,0
DA:387,0
DA:388,0
DA:389,0
DA:392,3
DA:405,0
DA:406,0
DA:407,0
DA:430,3
DA:432,3
DA:436,3
DA:437,3
DA:439,0
DA:440,0
DA:443,3
DA:444,4
DA:445,16
DA:448,3
DA:449,3
DA:450,3
DA:451,3
DA:452,4
DA:453,4
DA:455,4
DA:456,0
DA:457,4
DA:461,3
DA:465,0
DA:469,3
DA:470,3
DA:477,2
DA:478,2
DA:481,0
DA:482,0
DA:484,0
DA:485,0
DA:488,0
DA:491,0
DA:492,0
DA:494,0
DA:496,0
DA:497,0
DA:499,0
DA:500,0
DA:505,3
DA:506,3
DA:508,3
DA:509,0
DA:510,0
DA:511,0
DA:512,0
DA:513,0
DA:514,0
DA:518,3
DA:521,0
DA:527,0
DA:528,0
DA:529,0
DA:530,0
DA:531,0
DA:532,0
DA:533,0
DA:538,0
DA:539,0
DA:546,0
DA:547,0
DA:548,0
DA:549,0
DA:552,0
DA:560,3
DA:561,3
DA:563,3
DA:577,3
DA:578,2
DA:589,3
DA:590,0
DA:601,3
DA:602,0
DA:619,0
DA:620,0
DA:621,0
DA:623,0
DA:624,0
DA:625,0
DA:638,0
DA:639,0
DA:640,0
DA:654,0
DA:657,0
DA:663,0
DA:676,0
DA:700,0
DA:712,0
DA:719,2
DA:720,2
DA:724,2
DA:725,2
DA:726,70
DA:727,70
DA:728,70
DA:730,2
DA:738,3
DA:749,3
DA:750,2
DA:762,2
DA:771,3
DA:772,0
DA:784,0
DA:793,3
DA:794,0
DA:799,0
DA:812,3
DA:813,3
DA:815,41
DA:816,39
DA:819,3
DA:826,3
DA:834,0
DA:837,0
DA:841,3
DA:848,2
DA:852,0
DA:862,0
DA:890,3
DA:893,3
DA:895,3
DA:896,0
DA:897,0
DA:900,0
DA:902,0
DA:904,0
DA:910,0
DA:913,0
DA:914,0
DA:929,3
DA:936,3
DA:954,0
DA:955,0
DA:960,0
DA:962,0
DA:963,0
DA:964,0
DA:966,0
DA:968,0
DA:972,0
DA:980,0
DA:981,0
DA:982,0
DA:983,0
DA:987,0
DA:994,3
DA:997,3
DA:998,3
DA:1003,0
DA:1036,0
DA:1037,0
DA:1058,0
DA:1065,0
DA:1072,0
DA:1077,0
LF:306
LH:155
BRDA:87,0,0,123
BRDA:97,1,0,0
BRDA:97,1,1,123
BRDA:98,2,0,0
BRDA:98,2,1,0
BRDA:101,3,0,0
BRDA:101,3,1,0
BRDA:104,4,0,0
BRDA:104,4,1,0
BRDA:111,5,0,0
BRDA:111,5,1,123
BRDA:112,6,0,0
BRDA:112,6,1,0
BRDA:115,7,0,0
BRDA:115,7,1,0
BRDA:131,8,0,0
BRDA:131,8,1,492
BRDA:131,9,0,492
BRDA:131,9,1,492
BRDA:141,10,0,0
BRDA:141,10,1,123
BRDA:142,11,0,0
BRDA:142,11,1,0
BRDA:144,12,0,0
BRDA:144,12,1,0
BRDA:146,13,0,0
BRDA:146,13,1,0
BRDA:153,14,0,0
BRDA:153,14,1,492
BRDA:156,15,0,0
BRDA:156,15,1,123
BRDA:159,16,0,123
BRDA:159,16,1,0
BRDA:168,17,0,123
BRDA:168,17,1,0
BRDA:176,18,0,3
BRDA:179,19,0,3
BRDA:179,19,1,0
BRDA:180,20,0,3
BRDA:180,20,1,3
BRDA:181,21,0,3
BRDA:181,21,1,0
BRDA:183,22,0,3
BRDA:183,22,1,0
BRDA:183,22,2,0
BRDA:185,23,0,0
BRDA:185,23,1,0
BRDA:186,24,0,3
BRDA:186,24,1,0
BRDA:187,25,0,3
BRDA:187,25,1,3
BRDA:196,26,0,0
BRDA:196,26,1,3
BRDA:204,27,0,0
BRDA:204,27,1,3
BRDA:212,28,0,2
BRDA:212,28,1,1
BRDA:218,29,0,0
BRDA:218,29,1,2
BRDA:220,30,0,0
BRDA:220,30,1,0
BRDA:224,31,0,0
BRDA:224,31,1,0
BRDA:234,32,0,2
BRDA:234,32,1,0
BRDA:243,33,0,0
BRDA:243,33,1,2
BRDA:283,34,0,0
BRDA:283,34,1,3
BRDA:283,35,0,3
BRDA:283,35,1,0
BRDA:302,36,0,0
BRDA:302,36,1,3
BRDA:311,37,0,0
BRDA:311,37,1,3
BRDA:312,38,0,0
BRDA:312,38,1,0
BRDA:319,39,0,0
BRDA:319,39,1,0
BRDA:323,40,0,0
BRDA:323,40,1,3
BRDA:331,41,0,3
BRDA:331,41,1,3
BRDA:331,41,2,3
BRDA:331,41,3,1
BRDA:333,42,0,0
BRDA:333,42,1,3
BRDA:334,43,0,0
BRDA:334,43,1,0
BRDA:343,44,0,0
BRDA:343,44,1,0
BRDA:349,45,0,0
BRDA:349,45,1,0
BRDA:356,46,0,0
BRDA:356,46,1,0
BRDA:365,47,0,1
BRDA:365,47,1,2
BRDA:368,48,0,0
BRDA:368,48,1,1
BRDA:375,49,0,0
BRDA:375,49,1,0
BRDA:382,50,0,0
BRDA:382,50,1,3
BRDA:432,51,0,0
BRDA:432,51,1,3
BRDA:436,52,0,3
BRDA:436,52,1,0
BRDA:453,53,0,0
BRDA:453,53,1,4
BRDA:455,54,0,0
BRDA:455,54,1,4
BRDA:457,55,0,3
BRDA:457,55,1,1
BRDA:458,56,0,4
BRDA:458,56,1,4
BRDA:477,57,0,2
BRDA:477,57,1,0
BRDA:477,58,0,2
BRDA:477,58,1,0
BRDA:485,59,0,0
BRDA:485,59,1,0
BRDA:488,60,0,0
BRDA:488,60,1,0
BRDA:492,61,0,0
BRDA:492,61,1,0
BRDA:492,61,2,0
BRDA:496,62,0,0
BRDA:496,62,1,0
BRDA:506,63,0,3
BRDA:506,63,1,0
BRDA:506,64,0,3
BRDA:506,64,1,0
BRDA:508,65,0,0
BRDA:508,65,1,3
BRDA:509,66,0,0
BRDA:509,66,1,0
BRDA:510,67,0,0
BRDA:510,67,1,0
BRDA:513,68,0,0
BRDA:513,68,1,0
BRDA:521,69,0,0
BRDA:521,69,1,0
BRDA:522,70,0,0
BRDA:522,70,1,0
BRDA:522,70,2,0
BRDA:522,70,3,0
BRDA:527,71,0,0
BRDA:527,71,1,0
BRDA:528,72,0,0
BRDA:528,72,1,0
BRDA:529,73,0,0
BRDA:529,73,1,0
BRDA:532,74,0,0
BRDA:532,74,1,0
BRDA:548,75,0,0
BRDA:548,75,1,0
BRDA:560,76,0,3
BRDA:560,76,1,0
BRDA:561,77,0,3
BRDA:561,77,1,0
BRDA:639,78,0,0
BRDA:639,78,1,0
BRDA:644,79,0,0
BRDA:644,79,1,0
BRDA:657,80,0,0
BRDA:657,80,1,0
BRDA:657,80,2,0
BRDA:657,80,3,0
BRDA:657,80,4,0
BRDA:667,81,0,0
BRDA:667,81,1,0
BRDA:667,82,0,0
BRDA:667,82,1,0
BRDA:712,83,0,0
BRDA:712,83,1,0
BRDA:745,84,0,3
BRDA:745,84,1,0
BRDA:760,85,0,2
BRDA:760,85,1,0
BRDA:782,86,0,0
BRDA:782,86,1,0
BRDA:815,87,0,39
BRDA:815,87,1,2
BRDA:815,88,0,41
BRDA:815,88,1,2
BRDA:837,89,0,0
BRDA:837,89,1,0
BRDA:844,90,0,0
BRDA:844,90,1,3
BRDA:876,91,0,3
BRDA:876,91,1,0
BRDA:896,92,0,0
BRDA:896,92,1,0
BRDA:897,93,0,0
BRDA:897,93,1,0
BRDA:900,94,0,0
BRDA:900,94,1,0
BRDA:910,95,0,0
BRDA:910,95,1,0
BRDA:937,96,0,3
BRDA:937,96,1,3
BRDA:937,96,2,3
BRDA:937,96,3,3
BRDA:954,97,0,0
BRDA:954,97,1,0
BRDA:954,98,0,0
BRDA:954,98,1,0
BRDA:960,99,0,0
BRDA:960,99,1,0
BRDA:964,100,0,0
BRDA:964,100,1,0
BRDA:982,101,0,0
BRDA:982,101,1,0
BRDA:997,102,0,3
BRDA:997,102,1,0
BRDA:997,103,0,3
BRDA:997,103,1,3
BRF:217
BRH:71
end_of_record
TN:
SF:src/graph/ppr.ts
FN:47,runPPR
FN:64,tryMagePPR
FN:145,(anonymous_2)
FN:155,runJsPPR
FN:249,(anonymous_4)
FN:259,(anonymous_5)
FN:274,(anonymous_6)
FNF:7
FNH:7
FNDA:23,runPPR
FNDA:20,tryMagePPR
FNDA:35,(anonymous_2)
FNDA:11,runJsPPR
FNDA:2245,(anonymous_4)
FNDA:34,(anonymous_5)
FNDA:23,(anonymous_6)
DA:27,4
DA:48,23
DA:49,23
DA:51,20
DA:52,23
DA:53,23
DA:55,23
DA:56,20
DA:58,11
DA:71,20
DA:73,20
DA:86,19
DA:87,10
DA:90,9
DA:91,9
DA:92,9
DA:93,42
DA:94,42
DA:95,42
DA:96,42
DA:104,9
DA:116,9
DA:117,9
DA:118,9
DA:119,9
DA:120,3
DA:121,3
DA:122,3
DA:123,3
DA:124,3
DA:128,9
DA:129,9
DA:130,9
DA:131,42
DA:132,42
DA:133,42
DA:134,42
DA:135,42
DA:145,35
DA:148,1
DA:163,11
DA:165,11
DA:181,11
DA:182,11
DA:183,11
DA:185,11
DA:186,23
DA:187,23
DA:188,23
DA:190,23
DA:191,23
DA:193,23
DA:194,23
DA:196,23
DA:197,10
DA:203,23
DA:204,23
DA:211,23
DA:212,23
DA:215,11
DA:216,11
DA:217,1
DA:221,11
DA:222,11
DA:223,11
DA:224,11
DA:225,11
DA:226,34
DA:229,11
DA:230,11
DA:231,34
DA:233,11
DA:234,11
DA:235,12
DA:236,23
DA:237,23
DA:241,11
DA:242,180
DA:243,180
DA:244,575
DA:245,575
DA:246,575
DA:247,395
DA:248,395
DA:249,2245
DA:250,395
DA:252,575
DA:253,575
DA:255,180
DA:258,180
DA:260,34
DA:265,34
DA:274,23
LF:93
LH:93
BRDA:48,0,0,23
BRDA:48,0,1,0
BRDA:49,1,0,3
BRDA:49,1,1,20
BRDA:51,2,0,20
BRDA:51,2,1,17
BRDA:52,3,0,0
BRDA:52,3,1,20
BRDA:53,4,0,23
BRDA:53,4,1,16
BRDA:56,5,0,9
BRDA:56,5,1,11
BRDA:86,6,0,10
BRDA:86,6,1,9
BRDA:86,7,0,19
BRDA:86,7,1,18
BRDA:86,7,2,18
BRDA:93,8,0,42
BRDA:93,8,1,0
BRDA:94,9,0,0
BRDA:94,9,1,42
BRDA:95,10,0,42
BRDA:95,10,1,0
BRDA:97,11,0,42
BRDA:97,11,1,0
BRDA:98,12,0,42
BRDA:98,12,1,0
BRDA:99,13,0,42
BRDA:99,13,1,0
BRDA:119,14,0,9
BRDA:119,14,1,0
BRDA:120,15,0,3
BRDA:120,15,1,0
BRDA:121,16,0,0
BRDA:121,16,1,3
BRDA:122,17,0,3
BRDA:122,17,1,2
BRDA:123,18,0,3
BRDA:123,18,1,0
BRDA:124,19,0,3
BRDA:124,19,1,0
BRDA:131,20,0,42
BRDA:131,20,1,0
BRDA:132,21,0,42
BRDA:132,21,1,31
BRDA:138,22,0,42
BRDA:138,22,1,0
BRDA:139,23,0,42
BRDA:139,23,1,0
BRDA:140,24,0,42
BRDA:140,24,1,0
BRDA:163,25,0,11
BRDA:163,25,1,10
BRDA:185,26,0,11
BRDA:185,26,1,0
BRDA:186,27,0,23
BRDA:186,27,1,0
BRDA:187,28,0,23
BRDA:187,28,1,0
BRDA:188,29,0,0
BRDA:188,29,1,23
BRDA:188,30,0,23
BRDA:188,30,1,23
BRDA:190,31,0,23
BRDA:190,31,1,0
BRDA:191,32,0,23
BRDA:191,32,1,0
BRDA:196,33,0,10
BRDA:196,33,1,13
BRDA:198,34,0,10
BRDA:198,34,1,0
BRDA:199,35,0,10
BRDA:199,35,1,0
BRDA:200,36,0,10
BRDA:200,36,1,0
BRDA:203,37,0,23
BRDA:203,37,1,0
BRDA:205,38,0,23
BRDA:205,38,1,0
BRDA:206,39,0,23
BRDA:206,39,1,0
BRDA:207,40,0,23
BRDA:207,40,1,0
BRDA:211,41,0,12
BRDA:211,41,1,11
BRDA:216,42,0,1
BRDA:216,42,1,10
BRDA:222,43,0,11
BRDA:222,43,1,0
BRDA:226,44,0,11
BRDA:226,44,1,23
BRDA:236,45,0,23
BRDA:236,45,1,0
BRDA:244,46,0,575
BRDA:244,46,1,180
BRDA:247,47,0,395
BRDA:247,47,1,0
BRDA:248,48,0,395
BRDA:248,48,1,0
BRDA:250,49,0,395
BRDA:250,49,1,0
BRDA:252,50,0,575
BRDA:252,50,1,395
BRDA:260,51,0,34
BRDA:260,51,1,0
BRDA:267,52,0,34
BRDA:267,52,1,0
BRF:107
BRH:70
end_of_record
TN:
SF:src/graph/sync-state.ts
FN:31,(anonymous_0)
FN:38,(anonymous_1)
FN:52,(anonymous_2)
FN:59,(anonymous_3)
FN:66,(anonymous_4)
FN:67,(anonymous_5)
FN:73,(anonymous_6)
FN:74,(anonymous_7)
FN:80,(anonymous_8)
FN:92,(anonymous_9)
FN:94,(anonymous_10)
FN:95,(anonymous_11)
FN:101,(anonymous_12)
FN:112,(anonymous_13)
FN:123,(anonymous_14)
FN:132,(anonymous_15)
FN:141,(anonymous_16)
FN:156,(anonymous_17)
FN:163,(anonymous_18)
FN:188,(anonymous_19)
FN:189,(anonymous_20)
FN:214,(anonymous_21)
FNF:22
FNH:0
FNDA:0,(anonymous_0)
FNDA:0,(anonymous_1)
FNDA:0,(anonymous_2)
FNDA:0,(anonymous_3)
FNDA:0,(anonymous_4)
FNDA:0,(anonymous_5)
FNDA:0,(anonymous_6)
FNDA:0,(anonymous_7)
FNDA:0,(anonymous_8)
FNDA:0,(anonymous_9)
FNDA:0,(anonymous_10)
FNDA:0,(anonymous_11)
FNDA:0,(anonymous_12)
FNDA:0,(anonymous_13)
FNDA:0,(anonymous_14)
FNDA:0,(anonymous_15)
FNDA:0,(anonymous_16)
FNDA:0,(anonymous_17)
FNDA:0,(anonymous_18)
FNDA:0,(anonymous_19)
FNDA:0,(anonymous_20)
FNDA:0,(anonymous_21)
DA:20,0
DA:27,0
DA:29,0
DA:31,0
DA:32,0
DA:39,0
DA:40,0
DA:42,0
DA:43,0
DA:46,0
DA:53,0
DA:60,0
DA:67,0
DA:74,0
DA:81,0
DA:82,0
DA:83,0
DA:86,0
DA:93,0
DA:94,0
DA:95,0
DA:102,0
DA:103,0
DA:104,0
DA:105,0
DA:106,0
DA:113,0
DA:114,0
DA:115,0
DA:116,0
DA:117,0
DA:124,0
DA:125,0
DA:126,0
DA:133,0
DA:134,0
DA:135,0
DA:142,0
DA:148,0
DA:149,0
DA:157,0
DA:171,0
DA:173,0
DA:174,0
DA:175,0
DA:176,0
DA:181,0
DA:182,0
DA:183,0
DA:187,0
DA:188,0
DA:189,0
DA:191,0
DA:192,0
DA:197,0
DA:198,0
DA:201,0
DA:215,0
DA:216,0
DA:222,0
LF:60
LH:0
BRDA:40,0,0,0
BRDA:40,0,1,0
BRDA:82,1,0,0
BRDA:82,1,1,0
BRDA:82,2,0,0
BRDA:82,2,1,0
BRDA:148,3,0,0
BRDA:148,3,1,0
BRDA:156,4,0,0
BRDA:173,5,0,0
BRDA:173,5,1,0
BRDA:175,6,0,0
BRDA:175,6,1,0
BRDA:182,7,0,0
BRDA:182,7,1,0
BRDA:191,8,0,0
BRDA:191,8,1,0
BRDA:197,9,0,0
BRDA:197,9,1,0
BRF:19
BRH:0
end_of_record
TN:
SF:src/graph/types.ts
FNF:0
FNH:0
LF:0
LH:0
BRF:0
BRH:0
end_of_record
TN:
SF:src/graph/watcher.ts
FN:33,(anonymous_0)
FN:38,(anonymous_1)
FN:42,(anonymous_2)
FN:46,(anonymous_3)
FN:70,(anonymous_4)
FN:71,(anonymous_5)
FN:72,(anonymous_6)
FN:75,(anonymous_7)
FN:91,(anonymous_8)
FN:100,(anonymous_9)
FN:106,(anonymous_10)
FN:131,(anonymous_11)
FNF:12
FNH:8
FNDA:2,(anonymous_0)
FNDA:3,(anonymous_1)
FNDA:5,(anonymous_2)
FNDA:0,(anonymous_3)
FNDA:0,(anonymous_4)
FNDA:0,(anonymous_5)
FNDA:0,(anonymous_6)
FNDA:2,(anonymous_7)
FNDA:5,(anonymous_8)
FNDA:3,(anonymous_9)
FNDA:4,(anonymous_10)
FNDA:1,(anonymous_11)
DA:28,2
DA:30,2
DA:31,2
DA:34,2
DA:35,2
DA:39,3
DA:43,5
DA:47,0
DA:48,0
DA:51,0
DA:59,0
DA:69,0
DA:70,0
DA:71,0
DA:72,0
DA:76,2
DA:77,0
DA:78,0
DA:81,2
DA:82,0
DA:83,0
DA:86,2
DA:87,2
DA:88,2
DA:92,5
DA:93,5
DA:95,5
DA:96,2
DA:99,5
DA:100,5
DA:101,3
DA:102,3
DA:107,4
DA:108,1
DA:109,1
DA:111,1
DA:114,3
DA:115,3
DA:117,3
DA:118,3
DA:120,3
DA:121,3
DA:128,3
DA:129,3
DA:130,1
DA:131,1
DA:132,1
DA:133,1
DA:136,2
LF:49
LH:37
BRDA:47,0,0,0
BRDA:47,0,1,0
BRDA:56,1,0,0
BRDA:56,1,1,0
BRDA:76,2,0,0
BRDA:76,2,1,2
BRDA:81,3,0,0
BRDA:81,3,1,2
BRDA:95,4,0,2
BRDA:95,4,1,3
BRDA:103,5,0,5
BRDA:103,5,1,0
BRDA:107,6,0,1
BRDA:107,6,1,3
BRDA:107,7,0,4
BRDA:107,7,1,4
BRDA:108,8,0,1
BRDA:108,8,1,0
BRDA:108,9,0,1
BRDA:108,9,1,1
BRDA:129,10,0,1
BRDA:129,10,1,2
BRDA:134,11,0,1
BRDA:134,11,1,0
BRF:24
BRH:15
end_of_record
TN:
SF:src/parsers/docs-parser.ts
FN:68,(anonymous_0)
FN:79,(anonymous_1)
FN:88,(anonymous_2)
FN:96,(anonymous_3)
FN:118,(anonymous_4)
FN:138,(anonymous_5)
FN:147,(anonymous_6)
FN:235,(anonymous_7)
FN:261,(anonymous_8)
FN:302,(anonymous_9)
FN:306,(anonymous_10)
FN:317,(anonymous_11)
FN:323,(anonymous_12)
FN:324,(anonymous_13)
FN:338,findMarkdownFiles
FN:350,(anonymous_15)
FNF:16
FNH:16
FNDA:43,(anonymous_0)
FNDA:64,(anonymous_1)
FNDA:358,(anonymous_2)
FNDA:81,(anonymous_3)
FNDA:363,(anonymous_4)
FNDA:64,(anonymous_5)
FNDA:414,(anonymous_6)
FNDA:358,(anonymous_7)
FNDA:358,(anonymous_8)
FNDA:358,(anonymous_9)
FNDA:358,(anonymous_10)
FNDA:358,(anonymous_11)
FNDA:64,(anonymous_12)
FNDA:64,(anonymous_13)
FNDA:14,findMarkdownFiles
FNDA:25,(anonymous_15)
DA:69,43
DA:70,43
DA:80,64
DA:82,64
DA:84,64
DA:85,64
DA:86,64
DA:87,64
DA:88,358
DA:90,64
DA:97,81
DA:98,81
DA:100,81
DA:101,61
DA:102,58
DA:103,56
DA:108,5
DA:109,51
DA:111,48
DA:119,363
DA:120,363
DA:122,363
DA:123,550
DA:124,550
DA:125,549
DA:128,363
DA:139,64
DA:140,64
DA:141,64
DA:142,64
DA:143,64
DA:144,64
DA:145,64
DA:147,64
DA:148,414
DA:149,414
DA:150,357
DA:154,414
DA:155,414
DA:158,64
DA:159,1973
DA:160,1973
DA:163,1973
DA:164,1973
DA:165,96
DA:166,48
DA:167,48
DA:168,48
DA:169,48
DA:170,48
DA:172,96
DA:173,96
DA:176,1877
DA:177,92
DA:178,92
DA:182,1785
DA:183,1785
DA:184,349
DA:185,349
DA:188,349
DA:189,348
DA:190,348
DA:191,348
DA:192,348
DA:193,348
DA:198,1437
DA:199,1429
DA:200,1429
DA:202,1
DA:203,1
DA:204,1
DA:205,1
DA:206,1
DA:207,1
DA:209,1428
DA:210,1
DA:211,1
DA:212,1
DA:213,1
DA:214,1
DA:215,1
DA:219,1435
DA:223,64
DA:226,64
DA:227,1
DA:230,64
DA:242,358
DA:244,358
DA:246,358
DA:262,358
DA:263,358
DA:264,358
DA:265,358
DA:266,358
DA:267,358
DA:268,358
DA:270,358
DA:271,1622
DA:272,1622
DA:274,1622
DA:275,48
DA:276,48
DA:277,48
DA:278,48
DA:279,48
DA:280,48
DA:283,1574
DA:284,140
DA:285,48
DA:290,48
DA:291,48
DA:292,48
DA:294,92
DA:299,358
DA:303,358
DA:307,358
DA:309,358
DA:311,358
DA:312,32
DA:314,358
DA:318,358
DA:324,64
DA:325,64
DA:327,13
DA:339,14
DA:340,14
DA:350,14
DA:351,25
DA:353,25
DA:354,25
DA:356,0
DA:359,25
DA:360,111
DA:362,111
DA:364,111
DA:367,20
DA:369,20
DA:377,20
DA:378,11
DA:380,91
DA:381,34
DA:386,14
DA:387,14
LF:143
LH:142
BRDA:100,0,0,20
BRDA:100,0,1,61
BRDA:101,1,0,3
BRDA:101,1,1,58
BRDA:102,2,0,2
BRDA:102,2,1,56
BRDA:103,3,0,5
BRDA:103,3,1,51
BRDA:104,4,0,56
BRDA:104,4,1,53
BRDA:104,4,2,52
BRDA:109,5,0,3
BRDA:109,5,1,48
BRDA:109,6,0,51
BRDA:109,6,1,48
BRDA:124,7,0,549
BRDA:124,7,1,1
BRDA:124,8,0,550
BRDA:124,8,1,550
BRDA:149,9,0,357
BRDA:149,9,1,57
BRDA:149,10,0,414
BRDA:149,10,1,64
BRDA:164,11,0,96
BRDA:164,11,1,1877
BRDA:165,12,0,48
BRDA:165,12,1,48
BRDA:168,13,0,48
BRDA:168,13,1,0
BRDA:176,14,0,92
BRDA:176,14,1,1785
BRDA:183,15,0,349
BRDA:183,15,1,1436
BRDA:188,16,0,348
BRDA:188,16,1,1
BRDA:198,17,0,1429
BRDA:198,17,1,8
BRDA:198,18,0,1437
BRDA:198,18,1,1429
BRDA:199,19,0,1429
BRDA:199,19,1,349
BRDA:200,20,0,1
BRDA:200,20,1,1428
BRDA:200,21,0,1429
BRDA:200,21,1,1
BRDA:202,22,0,1
BRDA:202,22,1,0
BRDA:209,23,0,1
BRDA:209,23,1,1427
BRDA:209,24,0,1428
BRDA:209,24,1,1
BRDA:209,24,2,1
BRDA:210,25,0,1
BRDA:210,25,1,0
BRDA:226,26,0,1
BRDA:226,26,1,63
BRDA:274,27,0,48
BRDA:274,27,1,1574
BRDA:274,28,0,1622
BRDA:274,28,1,1482
BRDA:277,29,0,48
BRDA:277,29,1,0
BRDA:283,30,0,140
BRDA:283,30,1,1434
BRDA:284,31,0,48
BRDA:284,31,1,92
BRDA:318,32,0,358
BRDA:318,32,1,1
BRDA:324,33,0,64
BRDA:324,33,1,59
BRDA:325,34,0,51
BRDA:325,34,1,13
BRDA:351,35,0,0
BRDA:351,35,1,25
BRDA:360,36,0,0
BRDA:360,36,1,111
BRDA:364,37,0,20
BRDA:364,37,1,91
BRDA:369,38,0,20
BRDA:369,38,1,20
BRDA:369,38,2,20
BRDA:369,38,3,20
BRDA:369,38,4,20
BRDA:369,38,5,20
BRDA:369,38,6,20
BRDA:369,38,7,20
BRDA:377,39,0,11
BRDA:377,39,1,9
BRDA:377,40,0,20
BRDA:377,40,1,9
BRDA:380,41,0,34
BRDA:380,41,1,57
BRDA:380,42,0,91
BRDA:380,42,1,91
BRF:94
BRH:88
end_of_record
TN:
SF:src/parsers/parser-interface.ts
FNF:0
FNH:0
LF:0
LH:0
BRF:0
BRH:0
end_of_record
TN:
SF:src/parsers/parser-registry.ts
FN:7,(anonymous_0)
FN:13,(anonymous_1)
FN:18,(anonymous_2)
FNF:3
FNH:3
FNDA:494,(anonymous_0)
FNDA:5,(anonymous_1)
FNDA:2,(anonymous_2)
DA:5,127
DA:8,494
DA:9,495
DA:14,5
DA:15,5
DA:19,2
DA:20,2
DA:21,1
DA:23,1
LF:9
LH:9
BRDA:15,0,0,5
BRDA:15,0,1,2
BRDA:20,1,0,1
BRDA:20,1,1,1
BRF:4
BRH:4
end_of_record
TN:
SF:src/parsers/regex-language-parsers.ts
FN:8,(anonymous_0)
FN:27,(anonymous_1)
FN:49,(anonymous_2)
FN:72,(anonymous_3)
FN:75,(anonymous_4)
FN:100,(anonymous_5)
FN:103,(anonymous_6)
FN:120,(anonymous_7)
FN:123,(anonymous_8)
FN:145,(anonymous_9)
FN:148,(anonymous_10)
FN:173,(anonymous_11)
FN:176,(anonymous_12)
FN:193,(anonymous_13)
FN:196,(anonymous_14)
FN:218,(anonymous_15)
FN:221,(anonymous_16)
FN:238,(anonymous_17)
FN:241,(anonymous_18)
FN:258,(anonymous_19)
FN:261,(anonymous_20)
FN:283,(anonymous_21)
FN:286,(anonymous_22)
FN:303,(anonymous_23)
FN:306,(anonymous_24)
FN:326,(anonymous_25)
FN:330,(anonymous_26)
FNF:27
FNH:27
FNDA:38,(anonymous_0)
FNDA:32,(anonymous_1)
FNDA:9,(anonymous_2)
FNDA:9,(anonymous_3)
FNDA:38,(anonymous_4)
FNDA:9,(anonymous_5)
FNDA:38,(anonymous_6)
FNDA:9,(anonymous_7)
FNDA:38,(anonymous_8)
FNDA:9,(anonymous_9)
FNDA:37,(anonymous_10)
FNDA:9,(anonymous_11)
FNDA:37,(anonymous_12)
FNDA:9,(anonymous_13)
FNDA:37,(anonymous_14)
FNDA:9,(anonymous_15)
FNDA:44,(anonymous_16)
FNDA:9,(anonymous_17)
FNDA:44,(anonymous_18)
FNDA:9,(anonymous_19)
FNDA:44,(anonymous_20)
FNDA:11,(anonymous_21)
FNDA:55,(anonymous_22)
FNDA:11,(anonymous_23)
FNDA:55,(anonymous_24)
FNDA:11,(anonymous_25)
FNDA:55,(anonymous_26)
DA:9,38
DA:10,38
DA:16,38
DA:28,32
DA:29,32
DA:31,32
DA:32,123
DA:33,123
DA:34,1764
DA:35,42
DA:36,42
DA:37,1722
DA:38,45
DA:39,45
DA:40,30
DA:46,2
DA:50,9
DA:51,9
DA:53,9
DA:54,21
DA:55,21
DA:56,8
DA:58,13
DA:59,21
DA:60,3
DA:64,6
DA:69,124
DA:70,124
DA:73,9
DA:75,9
DA:76,38
DA:77,38
DA:78,3
DA:86,38
DA:87,38
DA:88,3
DA:97,9
DA:101,9
DA:103,9
DA:104,38
DA:105,38
DA:106,33
DA:109,5
DA:117,9
DA:121,9
DA:123,9
DA:124,38
DA:125,38
DA:126,34
DA:129,4
DA:137,9
DA:142,124
DA:143,124
DA:146,9
DA:148,9
DA:149,37
DA:150,37
DA:151,2
DA:159,37
DA:160,37
DA:161,1
DA:170,9
DA:174,9
DA:176,9
DA:177,37
DA:178,37
DA:179,33
DA:182,4
DA:190,9
DA:194,9
DA:196,9
DA:197,37
DA:198,37
DA:199,34
DA:202,3
DA:210,9
DA:215,124
DA:216,124
DA:219,9
DA:221,9
DA:222,44
DA:223,44
DA:224,41
DA:227,3
DA:235,9
DA:239,9
DA:241,9
DA:242,44
DA:243,44
DA:244,38
DA:247,6
DA:255,9
DA:259,9
DA:261,9
DA:262,44
DA:263,44
DA:264,39
DA:267,5
DA:275,9
DA:280,124
DA:281,124
DA:284,11
DA:286,11
DA:287,55
DA:288,55
DA:289,50
DA:292,5
DA:300,11
DA:304,11
DA:306,11
DA:308,55
DA:311,55
DA:312,47
DA:315,8
DA:323,11
DA:327,11
DA:328,11
DA:330,11
DA:332,55
DA:335,55
DA:336,49
DA:339,6
DA:347,11
LF:123
LH:123
BRDA:34,0,0,42
BRDA:34,0,1,1722
BRDA:37,1,0,45
BRDA:37,1,1,1677
BRDA:39,2,0,30
BRDA:39,2,1,15
BRDA:39,3,0,45
BRDA:39,3,1,42
BRDA:50,4,0,9
BRDA:50,4,1,0
BRDA:51,5,0,9
BRDA:51,5,1,9
BRDA:55,6,0,8
BRDA:55,6,1,13
BRDA:58,7,0,13
BRDA:58,7,1,3
BRDA:59,8,0,3
BRDA:59,8,1,18
BRDA:77,9,0,3
BRDA:77,9,1,35
BRDA:87,10,0,3
BRDA:87,10,1,35
BRDA:105,11,0,33
BRDA:105,11,1,5
BRDA:125,12,0,34
BRDA:125,12,1,4
BRDA:150,13,0,2
BRDA:150,13,1,35
BRDA:160,14,0,1
BRDA:160,14,1,36
BRDA:160,15,0,37
BRDA:160,15,1,2
BRDA:160,15,2,2
BRDA:178,16,0,33
BRDA:178,16,1,4
BRDA:183,17,0,1
BRDA:183,17,1,3
BRDA:198,18,0,34
BRDA:198,18,1,3
BRDA:223,19,0,41
BRDA:223,19,1,3
BRDA:243,20,0,38
BRDA:243,20,1,6
BRDA:248,21,0,2
BRDA:248,21,1,4
BRDA:263,22,0,39
BRDA:263,22,1,5
BRDA:288,23,0,50
BRDA:288,23,1,5
BRDA:311,24,0,47
BRDA:311,24,1,8
BRDA:316,25,0,1
BRDA:316,25,1,7
BRDA:335,26,0,49
BRDA:335,26,1,6
BRDA:335,27,0,55
BRDA:335,27,1,9
BRF:57
BRH:56
end_of_record
TN:
SF:src/parsers/tree-sitter-parser.ts
FN:23,tryRequire
FN:36,resolveLanguage
FN:60,walk
FN:69,fieldText
FN:89,(anonymous_4)
FN:110,(anonymous_5)
FN:114,(anonymous_6)
FN:144,(anonymous_7)
FN:146,(anonymous_8)
FN:161,(anonymous_9)
FN:164,(anonymous_10)
FN:191,(anonymous_11)
FN:194,(anonymous_12)
FN:233,(anonymous_13)
FN:236,(anonymous_14)
FN:295,(anonymous_15)
FN:298,(anonymous_16)
FN:375,(anonymous_17)
FN:378,(anonymous_18)
FN:437,getTreeSitterParsers
FN:452,checkTreeSitterAvailability
FNF:21
FNH:5
FNDA:16,tryRequire
FNDA:0,resolveLanguage
FNDA:0,walk
FNDA:0,fieldText
FNDA:492,(anonymous_4)
FNDA:492,(anonymous_5)
FNDA:0,(anonymous_6)
FNDA:0,(anonymous_7)
FNDA:0,(anonymous_8)
FNDA:0,(anonymous_9)
FNDA:0,(anonymous_10)
FNDA:0,(anonymous_11)
FNDA:0,(anonymous_12)
FNDA:0,(anonymous_13)
FNDA:0,(anonymous_14)
FNDA:0,(anonymous_15)
FNDA:0,(anonymous_16)
FNDA:0,(anonymous_17)
FNDA:0,(anonymous_18)
FNDA:246,getTreeSitterParsers
FNDA:123,checkTreeSitterAvailability
DA:18,4
DA:24,16
DA:25,16
DA:27,16
DA:37,0
DA:38,0
DA:39,0
DA:61,0
DA:62,0
DA:63,0
DA:64,0
DA:70,0
DA:84,16
DA:86,16
DA:90,492
DA:91,16
DA:93,16
DA:94,16
DA:96,0
DA:97,0
DA:98,0
DA:100,0
DA:101,0
DA:102,0
DA:103,0
DA:104,0
DA:106,0
DA:111,492
DA:115,0
DA:117,0
DA:124,0
DA:125,0
DA:126,0
DA:127,0
DA:133,0
DA:145,0
DA:146,0
DA:147,0
DA:149,0
DA:157,4
DA:158,4
DA:159,4
DA:162,0
DA:164,0
DA:165,0
DA:168,0
DA:169,0
DA:170,0
DA:176,0
DA:179,0
DA:180,0
DA:181,0
DA:187,0
DA:191,0
DA:192,0
DA:193,0
DA:194,0
DA:195,0
DA:204,0
DA:207,0
DA:208,0
DA:209,0
DA:216,0
DA:221,0
DA:229,4
DA:230,4
DA:231,4
DA:234,0
DA:236,0
DA:237,0
DA:240,0
DA:241,0
DA:242,0
DA:243,0
DA:249,0
DA:252,0
DA:253,0
DA:254,0
DA:255,0
DA:256,0
DA:257,0
DA:263,0
DA:267,0
DA:268,0
DA:269,0
DA:270,0
DA:271,0
DA:278,0
DA:283,0
DA:291,4
DA:292,4
DA:293,4
DA:296,0
DA:298,0
DA:299,0
DA:301,0
DA:302,0
DA:303,0
DA:309,0
DA:313,0
DA:314,0
DA:315,0
DA:321,0
DA:324,0
DA:325,0
DA:326,0
DA:332,0
DA:336,0
DA:337,0
DA:338,0
DA:339,0
DA:340,0
DA:348,0
DA:353,0
DA:361,8
DA:362,8
DA:363,8
DA:365,8
DA:376,0
DA:378,0
DA:379,0
DA:384,0
DA:385,0
DA:386,0
DA:392,0
DA:396,0
DA:397,0
DA:398,0
DA:399,0
DA:405,0
DA:409,0
DA:413,0
DA:414,0
DA:421,0
DA:426,0
DA:435,4
DA:438,246
DA:439,4
DA:445,4
DA:453,123
DA:454,123
DA:455,123
DA:456,492
DA:458,123
LF:144
LH:33
BRDA:37,0,0,0
BRDA:37,0,1,0
BRDA:38,1,0,0
BRDA:38,1,1,0
BRDA:64,2,0,0
BRDA:64,2,1,0
BRDA:70,3,0,0
BRDA:70,3,1,0
BRDA:90,4,0,476
BRDA:90,4,1,16
BRDA:94,5,0,16
BRDA:94,5,1,0
BRDA:98,6,0,0
BRDA:98,6,1,0
BRDA:115,7,0,0
BRDA:115,7,1,0
BRDA:115,8,0,0
BRDA:115,8,1,0
BRDA:147,9,0,0
BRDA:147,9,1,0
BRDA:165,10,0,0
BRDA:165,10,1,0
BRDA:165,10,2,0
BRDA:165,10,3,0
BRDA:165,10,4,0
BRDA:169,11,0,0
BRDA:169,11,1,0
BRDA:180,12,0,0
BRDA:180,12,1,0
BRDA:192,13,0,0
BRDA:192,13,1,0
BRDA:192,14,0,0
BRDA:192,14,1,0
BRDA:193,15,0,0
BRDA:193,15,1,0
BRDA:194,16,0,0
BRDA:194,16,1,0
BRDA:194,17,0,0
BRDA:194,17,1,0
BRDA:194,18,0,0
BRDA:194,18,1,0
BRDA:208,19,0,0
BRDA:208,19,1,0
BRDA:237,20,0,0
BRDA:237,20,1,0
BRDA:237,20,2,0
BRDA:237,20,3,0
BRDA:241,21,0,0
BRDA:241,21,1,0
BRDA:242,22,0,0
BRDA:242,22,1,0
BRDA:254,23,0,0
BRDA:254,23,1,0
BRDA:256,24,0,0
BRDA:256,24,1,0
BRDA:267,25,0,0
BRDA:267,25,1,0
BRDA:268,26,0,0
BRDA:268,26,1,0
BRDA:270,27,0,0
BRDA:270,27,1,0
BRDA:299,28,0,0
BRDA:299,28,1,0
BRDA:299,28,2,0
BRDA:299,28,3,0
BRDA:299,28,4,0
BRDA:302,29,0,0
BRDA:302,29,1,0
BRDA:314,30,0,0
BRDA:314,30,1,0
BRDA:325,31,0,0
BRDA:325,31,1,0
BRDA:337,32,0,0
BRDA:337,32,1,0
BRDA:339,33,0,0
BRDA:339,33,1,0
BRDA:379,34,0,0
BRDA:379,34,1,0
BRDA:379,34,2,0
BRDA:379,34,3,0
BRDA:379,34,4,0
BRDA:379,34,5,0
BRDA:379,34,6,0
BRDA:385,35,0,0
BRDA:385,35,1,0
BRDA:387,36,0,0
BRDA:387,36,1,0
BRDA:397,37,0,0
BRDA:397,37,1,0
BRDA:398,38,0,0
BRDA:398,38,1,0
BRDA:413,39,0,0
BRDA:413,39,1,0
BRDA:438,40,0,242
BRDA:438,40,1,4
BRF:95
BRH:5
end_of_record
TN:
SF:src/parsers/tree-sitter-typescript-parser.ts
FN:33,tryRequire
FN:45,loadJsGrammar
FN:58,loadTsGrammar
FN:87,walkWithScope
FN:114,extractSymbols
FN:117,(anonymous_5)
FN:275,(anonymous_6)
FN:295,(anonymous_7)
FN:299,(anonymous_8)
FN:349,getTreeSitterTypeScriptParser
FN:354,getTreeSitterTSXParser
FN:360,checkTsTreeSitterAvailability
FN:385,(anonymous_12)
FN:405,(anonymous_13)
FN:409,(anonymous_14)
FN:449,getTreeSitterJavaScriptParser
FN:454,getTreeSitterJSXParser
FN:460,checkJsTreeSitterAvailability
FNF:18
FNH:10
FNDA:12,tryRequire
FNDA:0,loadJsGrammar
FNDA:0,loadTsGrammar
FNDA:0,walkWithScope
FNDA:0,extractSymbols
FNDA:0,(anonymous_5)
FNDA:246,(anonymous_6)
FNDA:246,(anonymous_7)
FNDA:0,(anonymous_8)
FNDA:123,getTreeSitterTypeScriptParser
FNDA:123,getTreeSitterTSXParser
FNDA:123,checkTsTreeSitterAvailability
FNDA:123,(anonymous_12)
FNDA:123,(anonymous_13)
FNDA:0,(anonymous_14)
FNDA:123,getTreeSitterJavaScriptParser
FNDA:0,getTreeSitterJSXParser
FNDA:123,checkJsTreeSitterAvailability
DA:28,4
DA:34,12
DA:35,12
DA:37,12
DA:46,0
DA:47,0
DA:48,0
DA:50,0
DA:60,0
DA:61,0
DA:62,0
DA:65,0
DA:66,0
DA:67,0
DA:68,0
DA:69,0
DA:93,0
DA:94,0
DA:99,0
DA:100,0
DA:101,0
DA:104,0
DA:105,0
DA:106,0
DA:107,0
DA:115,0
DA:117,0
DA:118,0
DA:122,0
DA:123,0
DA:124,0
DA:132,0
DA:139,0
DA:140,0
DA:141,0
DA:142,0
DA:143,0
DA:144,0
DA:149,0
DA:159,0
DA:165,0
DA:166,0
DA:167,0
DA:169,0
DA:170,0
DA:179,0
DA:185,0
DA:186,0
DA:187,0
DA:194,0
DA:199,0
DA:200,0
DA:201,0
DA:208,0
DA:213,0
DA:214,0
DA:215,0
DA:222,0
DA:227,0
DA:228,0
DA:229,0
DA:236,0
DA:242,0
DA:243,0
DA:244,0
DA:245,0
DA:252,0
DA:257,0
DA:271,8
DA:273,8
DA:276,246
DA:277,8
DA:279,8
DA:280,8
DA:282,0
DA:283,0
DA:285,0
DA:286,0
DA:287,0
DA:288,0
DA:289,0
DA:291,0
DA:296,246
DA:300,0
DA:301,0
DA:307,0
DA:308,0
DA:309,0
DA:315,0
DA:328,4
DA:329,4
DA:330,4
DA:337,4
DA:338,4
DA:339,4
DA:346,4
DA:347,4
DA:350,123
DA:351,123
DA:355,123
DA:356,123
DA:364,123
DA:381,4
DA:383,4
DA:386,123
DA:387,4
DA:389,4
DA:390,4
DA:392,0
DA:393,0
DA:395,0
DA:396,0
DA:397,0
DA:398,0
DA:399,0
DA:401,0
DA:406,123
DA:410,0
DA:411,0
DA:417,0
DA:418,0
DA:419,0
DA:426,0
DA:436,4
DA:437,4
DA:441,0
DA:442,0
DA:446,4
DA:447,4
DA:450,123
DA:451,123
DA:455,0
DA:456,0
DA:465,123
DA:466,123
LF:135
LH:39
BRDA:47,0,0,0
BRDA:47,0,1,0
BRDA:48,1,0,0
BRDA:48,1,1,0
BRDA:61,2,0,0
BRDA:61,2,1,0
BRDA:62,3,0,0
BRDA:62,3,1,0
BRDA:66,4,0,0
BRDA:66,4,1,0
BRDA:68,5,0,0
BRDA:68,5,1,0
BRDA:69,6,0,0
BRDA:69,6,1,0
BRDA:90,7,0,0
BRDA:94,8,0,0
BRDA:94,8,1,0
BRDA:95,9,0,0
BRDA:95,9,1,0
BRDA:95,9,2,0
BRDA:100,10,0,0
BRDA:100,10,1,0
BRDA:107,11,0,0
BRDA:107,11,1,0
BRDA:118,12,0,0
BRDA:118,12,1,0
BRDA:118,12,2,0
BRDA:118,12,3,0
BRDA:118,12,4,0
BRDA:118,12,5,0
BRDA:118,12,6,0
BRDA:118,12,7,0
BRDA:118,12,8,0
BRDA:118,12,9,0
BRDA:118,12,10,0
BRDA:118,12,11,0
BRDA:123,13,0,0
BRDA:123,13,1,0
BRDA:127,14,0,0
BRDA:127,14,1,0
BRDA:140,15,0,0
BRDA:140,15,1,0
BRDA:143,16,0,0
[...]
FNDA:2,(anonymous_11)
DA:17,4
DA:54,8
DA:56,8
DA:59,8
DA:60,1
DA:61,1
DA:69,7
DA:70,7
DA:71,7
DA:72,2
DA:74,8
DA:75,8
DA:81,8
DA:82,2
DA:85,5
DA:104,5
DA:105,5
DA:106,8
DA:107,8
DA:109,8
DA:124,5
DA:135,0
DA:166,3
DA:168,3
DA:169,1
DA:176,2
DA:191,2
DA:192,2
DA:193,2
DA:194,2
DA:195,0
DA:197,3
DA:198,2
DA:199,2
DA:205,0
DA:212,2
DA:224,0
DA:251,2
DA:253,2
DA:254,0
DA:261,2
DA:274,2
DA:275,2
DA:276,2
DA:282,0
DA:287,2
DA:298,0
DA:316,2
DA:318,2
DA:329,2
DA:330,2
DA:331,2
DA:338,2
DA:344,0
DA:376,4
DA:378,4
DA:379,1
DA:386,3
DA:400,3
DA:401,3
DA:402,4
DA:403,4
DA:405,4
DA:415,3
DA:426,0
DA:443,2
DA:445,2
DA:446,0
DA:453,2
DA:462,2
DA:463,2
DA:465,2
DA:477,0
DA:493,4
DA:495,4
DA:508,4
DA:509,4
DA:511,4
DA:512,2
DA:513,2
DA:524,2
DA:526,2
DA:535,0
DA:550,2
DA:552,2
DA:561,2
DA:562,2
DA:563,2
DA:565,2
DA:574,0
LF:90
LH:77
BRDA:46,0,0,8
BRDA:50,1,0,8
BRDA:51,2,0,8
BRDA:54,3,0,8
BRDA:54,3,1,0
BRDA:57,4,0,8
BRDA:57,4,1,1
BRDA:57,5,0,8
BRDA:57,5,1,7
BRDA:59,6,0,1
BRDA:59,6,1,7
BRDA:59,7,0,8
BRDA:59,7,1,8
BRDA:71,8,0,7
BRDA:71,8,1,0
BRDA:74,9,0,3
BRDA:74,9,1,4
BRDA:74,10,0,8
BRDA:74,10,1,3
BRDA:81,11,0,2
BRDA:81,11,1,6
BRDA:105,12,0,5
BRDA:105,12,1,5
BRDA:106,13,0,8
BRDA:106,13,1,4
BRDA:114,14,0,0
BRDA:114,14,1,5
BRDA:119,15,0,8
BRDA:119,15,1,4
BRDA:129,16,0,5
BRDA:129,16,1,5
BRDA:163,17,0,3
BRDA:165,18,0,3
BRDA:166,19,0,3
BRDA:166,19,1,0
BRDA:168,20,0,1
BRDA:168,20,1,2
BRDA:168,21,0,3
BRDA:168,21,1,2
BRDA:194,22,0,0
BRDA:194,22,1,2
BRDA:204,23,0,0
BRDA:204,23,1,2
BRDA:207,24,0,0
BRDA:207,24,1,2
BRDA:209,25,0,3
BRDA:209,25,1,2
BRDA:216,26,0,1
BRDA:216,26,1,1
BRDA:246,27,0,2
BRDA:247,28,0,2
BRDA:250,29,0,2
BRDA:251,30,0,2
BRDA:251,30,1,0
BRDA:253,31,0,0
BRDA:253,31,1,2
BRDA:253,32,0,2
BRDA:253,32,1,2
BRDA:281,33,0,2
BRDA:281,33,1,0
BRDA:316,34,0,2
BRDA:316,35,0,2
BRDA:316,36,0,2
BRDA:316,36,1,0
BRDA:370,37,0,4
BRDA:375,38,0,4
BRDA:376,39,0,4
BRDA:376,39,1,0
BRDA:378,40,0,1
BRDA:378,40,1,3
BRDA:378,41,0,4
BRDA:378,41,1,4
BRDA:401,42,0,3
BRDA:401,42,1,3
BRDA:402,43,0,4
BRDA:402,43,1,1
BRDA:409,44,0,1
BRDA:409,44,1,2
BRDA:411,45,0,4
BRDA:411,45,1,1
BRDA:421,46,0,1
BRDA:421,46,1,2
BRDA:443,47,0,2
BRDA:443,48,0,2
BRDA:443,48,1,0
BRDA:445,49,0,0
BRDA:445,49,1,2
BRDA:468,50,0,2
BRDA:468,50,1,2
BRDA:471,51,0,2
BRDA:471,51,1,0
BRDA:474,52,0,2
BRDA:474,52,1,0
BRDA:493,53,0,4
BRDA:493,54,0,4
BRDA:493,54,1,0
BRDA:511,55,0,2
BRDA:511,55,1,2
BRDA:511,56,0,4
BRDA:511,56,1,2
BRDA:550,57,0,2
BRDA:550,58,0,2
BRDA:550,58,1,0
BRF:103
BRH:85
end_of_record
TN:
SF:src/tools/handlers/ref-tools.ts
FN:50,(anonymous_0)
FN:95,(anonymous_1)
FN:138,(anonymous_2)
FN:166,(anonymous_3)
FN:205,inferRefMode
FN:225,scoreRefSection
FN:237,(anonymous_6)
FN:246,scoreRefCode
FN:274,extractRefExcerpt
FN:304,scanRefSourceFiles
FN:319,(anonymous_10)
FN:347,buildRefDirTree
FN:361,(anonymous_12)
FNF:13
FNH:12
FNDA:3,(anonymous_0)
FNDA:4,(anonymous_1)
FNDA:4,(anonymous_2)
FNDA:3,(anonymous_3)
FNDA:1,inferRefMode
FNDA:1,scoreRefSection
FNDA:0,(anonymous_6)
FNDA:2,scoreRefCode
FNDA:2,extractRefExcerpt
FNDA:2,scanRefSourceFiles
FNDA:4,(anonymous_10)
FNDA:2,buildRefDirTree
FNDA:4,(anonymous_12)
DA:18,4
DA:58,3
DA:60,3
DA:61,1
DA:69,2
DA:70,2
DA:71,0
DA:79,2
DA:80,2
DA:81,2
DA:83,2
DA:85,3
DA:90,2
DA:91,2
DA:92,2
DA:95,4
DA:97,2
DA:98,1
DA:99,1
DA:100,1
DA:101,1
DA:102,1
DA:103,1
DA:120,2
DA:121,2
DA:134,2
DA:135,2
DA:138,4
DA:140,2
DA:141,2
DA:142,2
DA:143,2
DA:144,2
DA:145,2
DA:146,2
DA:147,2
DA:160,2
DA:161,2
DA:162,2
DA:165,2
DA:167,3
DA:168,1
DA:169,1
DA:173,2
DA:188,0
DA:209,1
DA:210,1
DA:211,1
DA:216,0
DA:217,1
DA:218,1
DA:219,1
DA:226,1
DA:227,1
DA:228,1
DA:229,2
DA:230,2
DA:231,2
DA:232,2
DA:235,1
DA:236,0
DA:237,0
DA:238,0
DA:240,1
DA:252,2
DA:253,2
DA:254,2
DA:255,2
DA:256,4
DA:257,4
DA:258,4
DA:259,4
DA:261,2
DA:262,0
DA:263,0
DA:266,0
DA:268,2
DA:280,2
DA:281,2
DA:282,2
DA:283,2
DA:284,3
DA:285,3
DA:286,3
DA:287,3
DA:288,6
DA:290,3
DA:291,1
DA:292,1
DA:295,2
DA:296,1
DA:297,1
DA:298,1
DA:305,2
DA:306,2
DA:319,2
DA:320,4
DA:321,4
DA:322,4
DA:323,4
DA:324,5
DA:325,2
DA:326,2
DA:328,3
DA:329,3
DA:330,3
DA:331,2
DA:340,2
DA:341,2
DA:348,2
DA:361,2
DA:362,4
DA:363,4
DA:364,4
DA:365,4
DA:366,4
DA:367,4
DA:368,5
DA:369,2
DA:370,2
DA:371,3
DA:372,3
DA:378,4
DA:381,2
LF:124
LH:115
BRDA:53,0,0,3
BRDA:54,1,0,3
BRDA:56,2,0,3
BRDA:57,3,0,3
BRDA:58,4,0,3
BRDA:58,4,1,0
BRDA:60,5,0,1
BRDA:60,5,1,2
BRDA:60,6,0,3
BRDA:60,6,1,2
BRDA:70,7,0,0
BRDA:70,7,1,2
BRDA:83,8,0,1
BRDA:83,8,1,1
BRDA:85,9,0,2
BRDA:85,9,1,1
BRDA:86,10,0,3
BRDA:86,10,1,2
BRDA:86,10,2,2
BRDA:102,11,0,1
BRDA:102,11,1,0
BRDA:102,12,0,1
BRDA:102,12,1,0
BRDA:107,13,0,1
BRDA:107,13,1,0
BRDA:120,14,0,2
BRDA:120,14,1,0
BRDA:120,15,0,2
BRDA:120,15,1,2
BRDA:120,15,2,2
BRDA:145,16,0,2
BRDA:145,16,1,0
BRDA:151,17,0,2
BRDA:151,17,1,0
BRDA:160,18,0,2
BRDA:160,18,1,0
BRDA:160,19,0,2
BRDA:160,19,1,0
BRDA:167,20,0,2
BRDA:167,20,1,1
BRDA:168,21,0,0
BRDA:168,21,1,1
BRDA:169,22,0,1
BRDA:169,22,1,0
BRDA:169,23,0,3
BRDA:169,23,1,0
BRDA:178,24,0,2
BRDA:178,24,1,2
BRDA:190,25,0,0
BRDA:190,25,1,0
BRDA:209,26,0,0
BRDA:209,26,1,1
BRDA:210,27,0,1
BRDA:210,27,1,0
BRDA:211,28,0,0
BRDA:211,28,1,1
BRDA:217,29,0,0
BRDA:217,29,1,1
BRDA:218,30,0,0
BRDA:218,30,1,1
BRDA:230,31,0,2
BRDA:230,31,1,0
BRDA:231,32,0,2
BRDA:231,32,1,0
BRDA:232,33,0,1
BRDA:232,33,1,1
BRDA:235,34,0,0
BRDA:235,34,1,1
BRDA:237,35,0,0
BRDA:237,35,1,0
BRDA:237,36,0,0
BRDA:237,36,1,0
BRDA:257,37,0,4
BRDA:257,37,1,2
BRDA:259,38,0,1
BRDA:259,38,1,3
BRDA:261,39,0,0
BRDA:261,39,1,2
BRDA:264,40,0,0
BRDA:264,40,1,0
BRDA:286,41,0,0
BRDA:286,41,1,3
BRDA:286,42,0,3
BRDA:286,42,1,0
BRDA:288,43,0,2
BRDA:288,43,1,4
BRDA:290,44,0,1
BRDA:290,44,1,2
BRDA:295,45,0,1
BRDA:295,45,1,1
BRDA:320,46,0,0
BRDA:320,46,1,4
BRDA:324,47,0,2
BRDA:324,47,1,3
BRDA:325,48,0,2
BRDA:325,48,1,0
BRDA:325,49,0,2
BRDA:325,49,1,2
BRDA:328,50,0,3
BRDA:328,50,1,0
BRDA:330,51,0,2
BRDA:330,51,1,1
BRDA:362,52,0,0
BRDA:362,52,1,4
BRDA:368,53,0,2
BRDA:368,53,1,3
BRDA:368,54,0,5
BRDA:368,54,1,2
BRDA:368,54,2,2
BRDA:370,55,0,2
BRDA:370,55,1,0
BRDA:371,56,0,3
BRDA:371,56,1,0
BRDA:378,57,0,4
BRDA:378,57,1,0
BRF:115
BRH:76
end_of_record
TN:
SF:src/tools/handlers/task-tools.ts
FN:32,(anonymous_0)
FN:76,(anonymous_1)
FN:218,(anonymous_2)
FN:239,(anonymous_3)
FN:254,(anonymous_4)
FN:275,(anonymous_5)
FN:306,(anonymous_6)
FNF:7
FNH:6
FNDA:3,(anonymous_0)
FNDA:2,(anonymous_1)
FNDA:3,(anonymous_2)
FNDA:2,(anonymous_3)
FNDA:1,(anonymous_4)
FNDA:0,(anonymous_5)
FNDA:3,(anonymous_6)
DA:15,4
DA:33,3
DA:34,3
DA:35,3
DA:36,3
DA:39,3
DA:41,3
DA:46,3
DA:52,3
DA:53,3
DA:54,3
DA:56,0
DA:77,2
DA:79,2
DA:92,2
DA:98,2
DA:121,2
DA:122,2
DA:128,2
DA:129,0
DA:137,1
DA:138,1
DA:143,1
DA:144,0
DA:148,1
DA:149,1
DA:150,1
DA:151,1
DA:152,1
DA:154,1
DA:155,1
DA:156,1
DA:158,0
DA:159,0
DA:162,1
DA:163,1
DA:169,1
DA:174,0
DA:177,1
DA:178,1
DA:195,1
DA:197,0
DA:201,1
DA:203,1
DA:219,3
DA:221,3
DA:230,3
DA:231,3
DA:233,3
DA:234,3
DA:235,2
DA:239,2
DA:249,1
DA:250,1
DA:252,1
DA:253,1
DA:254,1
DA:255,1
DA:256,1
DA:264,1
DA:265,1
DA:266,1
DA:270,1
DA:271,0
DA:275,0
DA:282,1
DA:290,0
DA:307,3
DA:308,3
DA:310,3
DA:316,3
DA:317,3
DA:319,3
DA:332,0
LF:74
LH:63
BRDA:33,0,0,3
BRDA:33,0,1,2
BRDA:34,1,0,3
BRDA:34,1,1,1
BRDA:35,2,0,3
BRDA:35,2,1,0
BRDA:35,2,2,0
BRDA:36,3,0,0
BRDA:36,3,1,3
BRDA:39,4,0,1
BRDA:39,4,1,2
BRDA:39,5,0,1
BRDA:39,5,1,1
BRDA:42,6,0,3
BRDA:42,6,1,3
BRDA:43,7,0,1
BRDA:43,7,1,2
BRDA:77,8,0,2
BRDA:128,9,0,0
BRDA:128,9,1,2
BRDA:137,10,0,1
BRDA:137,10,1,0
BRDA:137,11,0,1
BRDA:137,11,1,0
BRDA:137,11,2,0
BRDA:143,12,0,0
BRDA:143,12,1,1
BRDA:149,13,0,1
BRDA:149,13,1,0
BRDA:149,14,0,1
BRDA:149,14,1,0
BRDA:150,15,0,1
BRDA:150,15,1,1
BRDA:151,16,0,1
BRDA:151,16,1,1
BRDA:151,16,2,1
BRDA:182,17,0,1
BRDA:182,17,1,0
BRDA:190,18,0,1
BRDA:190,18,1,0
BRDA:219,19,0,3
BRDA:233,20,0,3
BRDA:233,20,1,0
BRDA:234,21,0,2
BRDA:234,21,1,1
BRDA:234,22,0,3
BRDA:234,22,1,3
BRDA:234,22,2,3
BRDA:241,23,0,2
BRDA:241,23,1,0
BRDA:242,24,0,2
BRDA:242,24,1,0
BRDA:252,25,0,1
BRDA:252,25,1,0
BRDA:255,26,0,1
BRDA:255,26,1,0
BRDA:257,27,0,1
BRDA:257,27,1,1
BRDA:257,27,2,0
BRDA:257,27,3,0
BRDA:264,28,0,1
BRDA:264,28,1,0
BRDA:270,29,0,0
BRDA:270,29,1,1
BRDA:307,30,0,3
BRDA:307,30,1,2
BRDA:308,31,0,3
BRDA:308,31,1,3
BRDA:325,32,0,0
BRDA:325,32,1,3
BRF:70
BRH:48
end_of_record
TN:
SF:src/tools/handlers/test-tools.ts
FN:25,resolveTestRunner
FN:37,(anonymous_1)
FN:38,(anonymous_2)
FN:39,(anonymous_3)
FN:70,resolveDirectImpact
FN:100,(anonymous_5)
FN:123,(anonymous_6)
FN:166,(anonymous_7)
FN:195,(anonymous_8)
FN:217,(anonymous_9)
FN:219,(anonymous_10)
FN:268,(anonymous_11)
FN:349,(anonymous_12)
FNF:13
FNH:11
FNDA:2,resolveTestRunner
FNDA:2,(anonymous_1)
FNDA:2,(anonymous_2)
FNDA:2,(anonymous_3)
FNDA:6,resolveDirectImpact
FNDA:2,(anonymous_5)
FNDA:0,(anonymous_6)
FNDA:2,(anonymous_7)
FNDA:3,(anonymous_8)
FNDA:0,(anonymous_9)
FNDA:12,(anonymous_10)
FNDA:7,(anonymous_11)
FNDA:4,(anonymous_12)
DA:31,2
DA:32,0
DA:33,0
DA:37,2
DA:38,2
DA:39,2
DA:41,2
DA:42,0
DA:44,2
DA:45,0
DA:47,2
DA:48,0
DA:52,2
DA:53,2
DA:57,2
DA:71,6
DA:74,6
DA:75,3
DA:76,3
DA:79,3
DA:100,3
DA:102,3
DA:103,1
DA:111,5
DA:112,6
DA:113,0
DA:116,5
DA:117,5
DA:118,5
DA:120,6
DA:122,5
DA:124,0
DA:129,5
DA:132,0
DA:133,5
DA:134,0
DA:136,0
DA:137,0
DA:138,0
DA:139,0
DA:140,0
DA:142,0
DA:143,0
DA:151,5
DA:154,4
DA:167,2
DA:169,2
DA:179,2
DA:180,2
DA:182,2
DA:184,0
DA:196,3
DA:198,3
DA:209,3
DA:210,3
DA:211,3
DA:216,3
DA:217,3
DA:219,3
DA:220,12
DA:222,3
DA:251,0
DA:269,7
DA:270,7
DA:271,7
DA:277,7
DA:278,1
DA:301,6
DA:315,6
DA:316,6
DA:317,6
DA:319,6
DA:337,0
DA:350,4
DA:352,4
DA:353,4
DA:354,2
DA:366,2
DA:369,2
DA:375,4
DA:377,4
DA:378,4
DA:379,4
DA:386,4
DA:396,1
DA:408,0
LF:86
LH:66
BRDA:31,0,0,0
BRDA:31,0,1,2
BRDA:32,1,0,0
BRDA:41,2,0,0
BRDA:41,2,1,2
BRDA:44,3,0,0
BRDA:44,3,1,2
BRDA:47,4,0,0
BRDA:47,4,1,2
BRDA:54,5,0,2
BRDA:54,5,1,0
BRDA:74,6,0,3
BRDA:74,6,1,3
BRDA:76,7,0,3
BRDA:76,7,1,0
BRDA:100,8,0,2
BRDA:100,8,1,0
BRDA:102,9,0,1
BRDA:102,9,1,2
BRDA:112,10,0,0
BRDA:112,10,1,6
BRDA:118,11,0,5
BRDA:118,11,1,0
BRDA:124,12,0,0
BRDA:124,12,1,0
BRDA:124,12,2,0
BRDA:124,12,3,0
BRDA:129,13,0,5
BRDA:129,13,1,0
BRDA:132,14,0,0
BRDA:132,14,1,0
BRDA:134,15,0,0
BRDA:134,15,1,0
BRDA:136,16,0,0
BRDA:136,16,1,0
BRDA:138,17,0,0
BRDA:138,17,1,0
BRDA:140,18,0,0
BRDA:140,18,1,0
BRDA:142,19,0,0
BRDA:142,19,1,0
BRDA:142,19,2,0
BRDA:143,20,0,0
BRDA:143,20,1,0
BRDA:143,21,0,0
BRDA:143,21,1,0
BRDA:167,22,0,2
BRDA:167,23,0,2
BRDA:196,24,0,3
BRDA:196,25,0,3
BRDA:216,26,0,3
BRDA:216,26,1,3
BRDA:220,27,0,12
BRDA:220,27,1,12
BRDA:269,28,0,7
BRDA:269,28,1,5
BRDA:270,29,0,5
BRDA:270,29,1,2
BRDA:271,30,0,6
BRDA:271,30,1,1
BRDA:273,31,0,1
BRDA:273,31,1,0
BRDA:277,32,0,1
BRDA:277,32,1,6
BRDA:330,33,0,0
BRDA:330,33,1,6
BRDA:350,34,0,4
BRDA:350,35,0,4
BRDA:350,36,0,4
BRDA:353,37,0,2
BRDA:353,37,1,2
BRDA:353,38,0,4
BRDA:353,38,1,4
BRDA:378,39,0,4
BRDA:378,39,1,0
BRDA:401,40,0,1
BRDA:401,40,1,0
BRDA:410,41,0,0
BRDA:410,41,1,0
BRF:79
BRH:41
end_of_record
TN:
SF:src/types/config.ts
FN:94,isValidArchitectureConfig
FN:103,isValidApplicationConfig
FNF:2
FNH:0
FNDA:0,isValidArchitectureConfig
FNDA:0,isValidApplicationConfig
DA:95,0
DA:96,0
DA:97,0
DA:104,0
DA:105,0
DA:106,0
LF:6
LH:0
BRDA:95,0,0,0
BRDA:95,0,1,0
BRDA:95,1,0,0
BRDA:95,1,1,0
BRDA:97,2,0,0
BRDA:97,2,1,0
BRDA:104,3,0,0
BRDA:104,3,1,0
BRDA:104,4,0,0
BRDA:104,4,1,0
BRF:10
BRH:0
end_of_record
TN:
SF:src/types/tool-args.ts
FN:124,extractToolArgs
FN:146,getProfileFromArgs
FN:157,getLimitFromArgs
FNF:3
FNH:0
FNDA:0,extractToolArgs
FNDA:0,getProfileFromArgs
FNDA:0,getLimitFromArgs
DA:128,0
DA:129,0
DA:132,0
DA:134,0
DA:135,0
DA:136,0
DA:140,0
DA:147,0
DA:148,0
DA:149,0
DA:151,0
DA:162,0
DA:163,0
DA:164,0
DA:166,0
LF:15
LH:0
BRDA:126,0,0,0
BRDA:128,1,0,0
BRDA:128,1,1,0
BRDA:128,2,0,0
BRDA:128,2,1,0
BRDA:135,3,0,0
BRDA:135,3,1,0
BRDA:148,4,0,0
BRDA:148,4,1,0
BRDA:148,5,0,0
BRDA:148,5,1,0
BRDA:159,6,0,0
BRDA:160,7,0,0
BRDA:163,8,0,0
BRDA:163,8,1,0
BRF:15
BRH:0
end_of_record
TN:
SF:src/utils/exec-utils.ts
FN:23,execWithTimeout
FN:65,execWithTimeoutSafe
FNF:2
FNH:2
FNDA:7,execWithTimeout
FNDA:2,execWithTimeoutSafe
DA:29,7
DA:31,7
DA:32,7
DA:39,7
DA:41,4
DA:42,4
DA:43,1
DA:48,3
DA:49,1
DA:55,2
DA:69,2
DA:70,2
DA:71,2
DA:73,1
DA:74,1
LF:15
LH:15
BRDA:23,0,0,7
BRDA:25,1,0,7
BRDA:26,2,0,7
BRDA:27,3,0,7
BRDA:41,4,0,4
BRDA:41,4,1,0
BRDA:42,5,0,1
BRDA:42,5,1,3
BRDA:48,6,0,1
BRDA:48,6,1,2
BRDA:67,7,0,2
BRDA:73,8,0,1
BRDA:73,8,1,0
BRF:13
BRH:11
end_of_record
TN:
SF:src/utils/logger.ts
FN:45,resolveMinLevel
FN:59,normalizeContext
FN:78,emit
FN:108,(anonymous_3)
FN:115,(anonymous_4)
FN:122,(anonymous_5)
FN:129,(anonymous_6)
FNF:7
FNH:7
FNDA:13,resolveMinLevel
FNDA:2945,normalizeContext
FNDA:2987,emit
FNDA:42,(anonymous_3)
FNDA:8,(anonymous_4)
FNDA:135,(anonymous_5)
FNDA:2802,(anonymous_6)
DA:37,13
DA:46,13
DA:47,13
DA:49,0
DA:52,13
DA:60,2945
DA:61,46
DA:62,36
DA:64,10
DA:65,0
DA:67,10
DA:68,10
DA:70,0
DA:79,2987
DA:81,2945
DA:82,2945
DA:83,2945
DA:85,2945
DA:91,2945
DA:92,2945
DA:93,46
DA:96,2945
DA:104,13
DA:109,42
DA:116,8
DA:123,135
DA:130,2802
LF:27
LH:24
BRDA:46,0,0,13
BRDA:46,0,1,13
BRDA:47,1,0,13
BRDA:47,1,1,0
BRDA:60,2,0,2899
BRDA:60,2,1,46
BRDA:60,3,0,2945
BRDA:60,3,1,46
BRDA:61,4,0,36
BRDA:61,4,1,10
BRDA:64,5,0,0
BRDA:64,5,1,10
BRDA:65,6,0,0
BRDA:65,6,1,0
BRDA:67,7,0,10
BRDA:67,7,1,0
BRDA:67,8,0,10
BRDA:67,8,1,10
BRDA:79,9,0,42
BRDA:79,9,1,2945
BRDA:91,10,0,26
BRDA:91,10,1,2919
BRDA:92,11,0,46
BRDA:92,11,1,2899
BRDA:92,12,0,2945
BRDA:92,12,1,46
BRF:26
BRH:21
end_of_record
TN:
SF:src/utils/validation.ts
FN:14,validateProjectId
FN:36,validateFilePath
FN:60,validateQuery
FN:80,validateCypherQuery
FN:109,validateNodeId
FN:134,validateLimit
FN:154,validateMode
FN:172,createValidationError
FN:185,extractProjectIdFromScopedId
FN:212,parseScopedId
FN:234,generateSecureId
FNF:11
FNH:11
FNDA:4,validateProjectId
FNDA:3,validateFilePath
FNDA:3,validateQuery
FNDA:3,validateCypherQuery
FNDA:3,validateNodeId
FNDA:4,validateLimit
FNDA:3,validateMode
FNDA:1,createValidationError
FNDA:18,extractProjectIdFromScopedId
FNDA:2,parseScopedId
FNDA:7,generateSecureId
DA:15,4
DA:16,1
DA:19,3
DA:20,1
DA:23,2
DA:24,1
DA:27,1
DA:37,3
DA:38,0
DA:41,3
DA:42,0
DA:46,3
DA:47,2
DA:50,1
DA:61,3
DA:62,1
DA:65,2
DA:66,1
DA:71,1
DA:81,3
DA:82,1
DA:85,2
DA:86,1
DA:92,1
DA:93,1
DA:101,1
DA:110,3
DA:111,1
DA:114,2
DA:115,0
DA:120,2
DA:121,2
DA:122,1
DA:125,1
DA:135,4
DA:136,0
DA:139,4
DA:141,4
DA:142,2
DA:145,2
DA:155,3
DA:156,1
DA:159,2
DA:160,1
DA:163,1
DA:173,1
DA:189,18
DA:190,1
DA:193,17
DA:194,17
DA:195,0
DA:198,17
DA:199,18
DA:200,1
DA:203,16
DA:218,2
DA:219,2
DA:235,7
DA:236,7
LF:59
LH:54
BRDA:15,0,0,1
BRDA:15,0,1,3
BRDA:19,1,0,1
BRDA:19,1,1,2
BRDA:19,2,0,3
BRDA:19,2,1,2
BRDA:23,3,0,1
BRDA:23,3,1,1
BRDA:37,4,0,0
BRDA:37,4,1,3
BRDA:41,5,0,0
BRDA:41,5,1,3
BRDA:41,6,0,3
BRDA:41,6,1,3
BRDA:46,7,0,2
BRDA:46,7,1,1
BRDA:46,8,0,3
BRDA:46,8,1,2
BRDA:60,9,0,3
BRDA:61,10,0,1
BRDA:61,10,1,2
BRDA:65,11,0,1
BRDA:65,11,1,1
BRDA:65,12,0,2
BRDA:65,12,1,2
BRDA:81,13,0,1
BRDA:81,13,1,2
BRDA:85,14,0,1
BRDA:85,14,1,1
BRDA:85,15,0,2
BRDA:85,15,1,1
BRDA:93,16,0,0
BRDA:93,16,1,1
BRDA:93,17,0,1
BRDA:93,17,1,1
BRDA:93,17,2,1
BRDA:93,17,3,0
BRDA:110,18,0,1
BRDA:110,18,1,2
BRDA:114,19,0,0
BRDA:114,19,1,2
BRDA:114,20,0,2
BRDA:114,20,1,2
BRDA:121,21,0,1
BRDA:121,21,1,1
BRDA:121,22,0,2
BRDA:121,22,1,2
BRDA:134,23,0,4
BRDA:135,24,0,0
BRDA:135,24,1,4
BRDA:135,25,0,4
BRDA:135,25,1,3
BRDA:139,26,0,3
BRDA:139,26,1,1
BRDA:141,27,0,2
BRDA:141,27,1,2
BRDA:141,28,0,4
BRDA:141,28,1,3
BRDA:141,28,2,2
BRDA:155,29,0,1
BRDA:155,29,1,2
BRDA:159,30,0,1
BRDA:159,30,1,1
BRDA:187,31,0,18
BRDA:189,32,0,1
BRDA:189,32,1,17
BRDA:189,33,0,18
BRDA:189,33,1,17
BRDA:194,34,0,0
BRDA:194,34,1,17
BRDA:199,35,0,1
BRDA:199,35,1,17
BRDA:199,36,0,18
BRDA:199,36,1,16
BRDA:220,37,0,2
BRDA:220,37,1,0
BRDA:234,38,0,7
BRDA:234,39,0,7
BRF:78
BRH:70
end_of_record
TN:
SF:src/vector/embedding-engine.ts
FN:36,(anonymous_0)
FN:45,(anonymous_1)
FN:91,(anonymous_2)
FN:128,(anonymous_3)
FN:146,(anonymous_4)
FN:157,(anonymous_5)
FN:158,(anonymous_6)
FN:164,(anonymous_7)
FN:218,(anonymous_8)
FN:233,(anonymous_9)
FN:237,(anonymous_10)
FN:246,(anonymous_11)
FN:253,(anonymous_12)
FN:257,(anonymous_13)
FN:259,(anonymous_14)
FN:262,(anonymous_15)
FN:284,(anonymous_16)
FN:291,(anonymous_17)
FN:292,(anonymous_18)
FNF:19
FNH:16
FNDA:131,(anonymous_0)
FNDA:10,(anonymous_1)
FNDA:18,(anonymous_2)
FNDA:18,(anonymous_3)
FNDA:22,(anonymous_4)
FNDA:2816,(anonymous_5)
FNDA:2816,(anonymous_6)
FNDA:4,(anonymous_7)
FNDA:4,(anonymous_8)
FNDA:2,(anonymous_9)
FNDA:2,(anonymous_10)
FNDA:6,(anonymous_11)
FNDA:1,(anonymous_12)
FNDA:0,(anonymous_13)
FNDA:1,(anonymous_14)
FNDA:1,(anonymous_15)
FNDA:7,(anonymous_16)
FNDA:0,(anonymous_17)
FNDA:0,(anonymous_18)
DA:37,131
DA:38,131
DA:39,131
DA:50,10
DA:52,10
DA:53,10
DA:54,10
DA:57,10
DA:58,10
DA:59,8
DA:60,8
DA:61,8
DA:65,10
DA:66,10
DA:67,5
DA:68,5
DA:69,5
DA:73,10
DA:74,10
DA:75,5
DA:76,5
DA:77,5
DA:80,10
DA:81,10
DA:82,10
DA:83,10
DA:85,10
DA:99,18
DA:100,18
DA:105,18
DA:109,18
DA:129,18
DA:131,18
DA:132,18
DA:133,18
DA:134,18
DA:135,18
DA:136,18
DA:137,18
DA:139,18
DA:147,22
DA:150,22
DA:151,794
DA:152,794
DA:153,794
DA:157,2816
DA:158,2816
DA:165,4
DA:166,3
DA:167,3
DA:171,1
DA:172,1
DA:173,1
DA:176,1
DA:177,1
DA:178,1
DA:180,1
DA:181,3
DA:192,3
DA:193,1
DA:194,1
DA:198,1
DA:199,1
DA:201,1
DA:202,1
DA:204,1
DA:205,1
DA:208,1
DA:224,4
DA:226,4
DA:227,1
DA:231,1
DA:232,1
DA:234,2
DA:235,2
DA:238,2
DA:239,1
DA:240,1
DA:246,3
DA:247,6
DA:248,4
DA:249,1
DA:252,3
DA:253,1
DA:257,0
DA:259,1
DA:263,1
DA:264,1
DA:265,1
DA:267,1
DA:268,1
DA:269,128
DA:270,128
DA:271,128
DA:274,1
DA:275,0
DA:278,1
DA:285,7
DA:292,0
DA:302,0
LF:100
LH:96
BRDA:105,0,0,3
BRDA:105,0,1,15
BRDA:112,1,0,18
BRDA:112,1,1,5
BRDA:112,1,2,0
BRDA:131,2,0,13
BRDA:131,2,1,5
BRDA:132,3,0,10
BRDA:132,3,1,8
BRDA:133,4,0,5
BRDA:133,4,1,13
BRDA:134,5,0,5
BRDA:134,5,1,13
BRDA:135,6,0,5
BRDA:135,6,1,13
BRDA:136,7,0,0
BRDA:136,7,1,18
BRDA:137,8,0,15
BRDA:137,8,1,3
BRDA:146,9,0,22
BRDA:158,10,0,22
BRDA:158,10,1,0
BRDA:165,11,0,3
BRDA:165,11,1,1
BRDA:192,12,0,1
BRDA:192,12,1,2
BRDA:192,13,0,1
BRDA:192,13,1,1
BRDA:193,14,0,1
BRDA:193,14,1,0
BRDA:198,15,0,1
BRDA:198,15,1,0
BRDA:201,16,0,1
BRDA:201,16,1,0
BRDA:204,17,0,1
BRDA:204,17,1,0
BRDA:220,18,0,4
BRDA:221,19,0,4
BRDA:226,20,0,1
BRDA:226,20,1,3
BRDA:231,21,0,1
BRDA:231,21,1,0
BRDA:238,22,0,1
BRDA:238,22,1,1
BRDA:239,23,0,0
BRDA:239,23,1,1
BRDA:239,24,0,1
BRDA:239,24,1,1
BRDA:247,25,0,2
BRDA:247,25,1,4
BRDA:248,26,0,3
BRDA:248,26,1,1
BRDA:248,27,0,4
BRDA:248,27,1,4
BRDA:274,28,0,0
BRDA:274,28,1,1
BRDA:274,29,0,1
BRDA:274,29,1,1
BRF:58
BRH:48
end_of_record
TN:
SF:src/vector/qdrant-client.ts
FN:32,(anonymous_0)
FN:39,(anonymous_1)
FN:56,(anonymous_2)
FN:86,(anonymous_3)
FN:97,(anonymous_4)
FN:110,(anonymous_5)
FN:123,(anonymous_6)
FN:134,(anonymous_7)
FN:154,(anonymous_8)
FN:172,(anonymous_9)
FN:186,(anonymous_10)
FN:208,(anonymous_11)
FNF:12
FNH:11
FNDA:131,(anonymous_0)
FNDA:130,(anonymous_1)
FNDA:1,(anonymous_2)
FNDA:1,(anonymous_3)
FNDA:1,(anonymous_4)
FNDA:1,(anonymous_5)
FNDA:0,(anonymous_6)
FNDA:3,(anonymous_7)
FNDA:1,(anonymous_8)
FNDA:1,(anonymous_9)
FNDA:2,(anonymous_10)
FNDA:24,(anonymous_11)
DA:30,131
DA:33,131
DA:40,130
DA:42,130
DA:43,3
DA:44,3
DA:45,3
DA:48,1
DA:49,1
DA:57,1
DA:58,0
DA:59,0
DA:62,1
DA:63,1
DA:74,1
DA:75,1
DA:78,0
DA:87,1
DA:88,1
DA:89,2
DA:91,1
DA:98,1
DA:99,0
DA:100,0
DA:103,1
DA:104,1
DA:110,1
DA:120,1
DA:121,1
DA:123,0
DA:124,0
DA:127,0
DA:135,3
DA:136,1
DA:137,1
DA:140,2
DA:141,2
DA:151,1
DA:152,1
DA:153,1
DA:154,1
DA:162,0
DA:164,1
DA:165,1
DA:173,1
DA:175,1
DA:176,1
DA:177,1
DA:179,0
DA:187,2
DA:189,2
DA:190,2
DA:191,1
DA:192,1
DA:193,1
DA:200,1
DA:202,1
DA:209,24
LF:58
LH:48
BRDA:32,0,0,131
BRDA:32,1,0,131
BRDA:43,2,0,3
BRDA:43,2,1,0
BRDA:57,3,0,0
BRDA:57,3,1,1
BRDA:74,4,0,1
BRDA:74,4,1,0
BRDA:98,5,0,0
BRDA:98,5,1,1
BRDA:120,6,0,1
BRDA:120,6,1,0
BRDA:134,7,0,3
BRDA:135,8,0,1
BRDA:135,8,1,2
BRDA:151,9,0,1
BRDA:151,9,1,0
BRDA:154,10,0,1
BRDA:154,10,1,0
BRDA:156,11,0,1
BRDA:156,11,1,1
BRDA:173,12,0,0
BRDA:173,12,1,1
BRDA:187,13,0,0
BRDA:187,13,1,2
BRDA:191,14,0,1
BRDA:191,14,1,0
BRDA:195,15,0,1
BRDA:195,15,1,0
BRDA:196,16,0,1
BRDA:196,16,1,0
BRF:31
BRH:19
end_of_record
